nohup: ignoring input
##########  COMPILE HSPF LIBRARY  #########
rm -f *.o ../../lib/aidelib.a
Removed files generated by make.

f77 -fbounds-check  -c -o aninit.o aninit.f
f77 -fbounds-check  -c -o qtchar.o qtchar.f
f77 -fbounds-check  -c -o qtfile.o qtfile.f
qtfile.f:201:29:

                 CALL ZMNWLD (FLN1,GOTNAM)
                             1
Warning: Rank mismatch in argument ‘pat’ at (1) (scalar and rank-1)
f77 -fbounds-check  -c -o qtnumb.o qtnumb.f
f77 -fbounds-check  -c -o qtnums.o qtnums.f
f77 -fbounds-check  -c -o prtaid.o prtaid.f
f77 -fbounds-check  -c -o qtscn1.o qtscn1.f
f77 -fbounds-check  -c -o utmisc.o utmisc.f
f77 -fbounds-check  -c -o utuprm.o utuprm.f
f77 -fbounds-check  -c -o z0util.o z0util.f
f77 -fbounds-check  -c -o z1util.o z1util.f
f77 -fbounds-check  -c -o z4util.o z4util.f
f77 -fbounds-check  -c -o ztscn1.o ztscn1.f
f77 -fbounds-check  -c -o zutil.o zutil.f
f77 -fbounds-check  -c -o zutilx.o zutilx.f
f77 -fbounds-check  -c -o zutily.o zutily.f
f77 -fbounds-check  -c -o qtstgt.o qtstgt.f
f77 -fbounds-check  -c -o zclbak.o zclbak.f
f77 -fbounds-check  -c -o zcbch1.o zcbch1.f
f77 -fbounds-check  -c -o zcbch2.o zcbch2.f
f77 -fbounds-check  -c -o zcbch3.o zcbch3.f
f77 -fbounds-check  -c -o zcbch4.o zcbch4.f
f77 -fbounds-check  -c -o zcbch5.o zcbch5.f
f77 -fbounds-check  -c -o zcbch6.o zcbch6.f
f77 -fbounds-check  -c -o zcbch7.o zcbch7.f
f77 -fbounds-check  -c -o zcbch8.o zcbch8.f
f77 -fbounds-check  -c -o zcbch9.o zcbch9.f
f77 -fbounds-check  -c -o zcbfl1.o zcbfl1.f
f77 -fbounds-check  -c -o zcbfl2.o zcbfl2.f
f77 -fbounds-check  -c -o zcbfl3.o zcbfl3.f
f77 -fbounds-check  -c -o zcbfl4.o zcbfl4.f
f77 -fbounds-check  -c -o zcbfl5.o zcbfl5.f
f77 -fbounds-check  -c -o zcbfl6.o zcbfl6.f
f77 -fbounds-check  -c -o zcbfl7.o zcbfl7.f
f77 -fbounds-check  -c -o zcbfl8.o zcbfl8.f
f77 -fbounds-check  -c -o zcbfl9.o zcbfl9.f
f77 -fbounds-check  -c -o zcbex1.o zcbex1.f
f77 -fbounds-check  -c -o zcbex2.o zcbex2.f
f77 -fbounds-check  -c -o zcbex3.o zcbex3.f
f77 -fbounds-check  -c -o zcbex4.o zcbex4.f
f77 -fbounds-check  -c -o zcbex5.o zcbex5.f
f77 -fbounds-check  -c -o zcbex6.o zcbex6.f
f77 -fbounds-check  -c -o zcbex7.o zcbex7.f
f77 -fbounds-check  -c -o zcbex8.o zcbex8.f
f77 -fbounds-check  -c -o zcbex9.o zcbex9.f
f77 -fbounds-check  -c -o zsysdg.o zsysdg.f

 making ../../lib/aidelib.a
ar rv ../../lib/aidelib.a aninit.o qtchar.o qtfile.o qtnumb.o qtnums.o prtaid.o qtscn1.o utmisc.o utuprm.o z0util.o z1util.o z4util.o ztscn1.o zutil.o zutilx.o zutily.o qtstgt.o zclbak.o zcbch1.o zcbch2.o zcbch3.o zcbch4.o zcbch5.o zcbch6.o zcbch7.o zcbch8.o zcbch9.o zcbfl1.o zcbfl2.o zcbfl3.o zcbfl4.o zcbfl5.o zcbfl6.o zcbfl7.o zcbfl8.o zcbfl9.o zcbex1.o zcbex2.o zcbex3.o zcbex4.o zcbex5.o zcbex6.o zcbex7.o zcbex8.o zcbex9.o zsysdg.o
ar: creating ../../lib/aidelib.a
a - aninit.o
a - qtchar.o
a - qtfile.o
a - qtnumb.o
a - qtnums.o
a - prtaid.o
a - qtscn1.o
a - utmisc.o
a - utuprm.o
a - z0util.o
a - z1util.o
a - z4util.o
a - ztscn1.o
a - zutil.o
a - zutilx.o
a - zutily.o
a - qtstgt.o
a - zclbak.o
a - zcbch1.o
a - zcbch2.o
a - zcbch3.o
a - zcbch4.o
a - zcbch5.o
a - zcbch6.o
a - zcbch7.o
a - zcbch8.o
a - zcbch9.o
a - zcbfl1.o
a - zcbfl2.o
a - zcbfl3.o
a - zcbfl4.o
a - zcbfl5.o
a - zcbfl6.o
a - zcbfl7.o
a - zcbfl8.o
a - zcbfl9.o
a - zcbex1.o
a - zcbex2.o
a - zcbex3.o
a - zcbex4.o
a - zcbex5.o
a - zcbex6.o
a - zcbex7.o
a - zcbex8.o
a - zcbex9.o
a - zsysdg.o

Done making all, files are now up-to-date.

rm -f *.o ../../lib/utillib.a
Removed files generated by make.

f77 -fbounds-check   -c -o utchar.o utchar.f
f77 -fbounds-check   -c -o utdate.o utdate.f
f77 -fbounds-check   -c -o utgnrl.o utgnrl.f
f77 -fbounds-check   -c -o utnumb.o utnumb.f
f77 -fbounds-check   -c -o utsort.o utsort.f
f77 -fbounds-check   -c -o utscxx.o utscxx.f
gcc -ansi -g    -c -o dirlis_.o dirlis_.c
dirlis_.c: In function ‘dirlis_’:
dirlis_.c:60:21: warning: cast to pointer from integer of different size [-Wint-to-pointer-cast]
             cpCmd = (char *) Malloc(*ipLen + 4);
                     ^
dirlis_.c:79:24: warning: cast to pointer from integer of different size [-Wint-to-pointer-cast]
                 spFp = (FILE *) popen(cpCmd, "r");
                        ^
gcc -ansi -g    -c -o getdir_.o getdir_.c
gcc -ansi -g    -c -o Malloc.o Malloc.c
gcc -ansi -g    -c -o FileName.o FileName.c
gcc -ansi -g    -c -o ttyux.o ttyux.c
ttyux.c: In function ‘handlr’:
ttyux.c:215:4: warning: incompatible implicit declaration of built-in function ‘exit’
    exit(1);
    ^
ttyux.c:215:4: note: include ‘<stdlib.h>’ or provide a declaration of ‘exit’
f77 -fbounds-check   -c -o utcpgn.o utcpgn.f
f77 -fbounds-check   -c -o dttmsn.o dttmsn.f
f77 -fbounds-check   -c -o ckfsdg.o ckfsdg.f
f77 -fbounds-check   -c -o uscnvt.o uscnvt.f
f77 -fbounds-check   -c -o utscdg.o utscdg.f

 making ../../lib/utillib.a
ar rv ../../lib/utillib.a utchar.o utdate.o utgnrl.o utnumb.o utsort.o utscxx.o dirlis_.o getdir_.o Malloc.o FileName.o ttyux.o utcpgn.o dttmsn.o ckfsdg.o uscnvt.o utscdg.o
ar: creating ../../lib/utillib.a
a - utchar.o
a - utdate.o
a - utgnrl.o
a - utnumb.o
a - utsort.o
a - utscxx.o
a - dirlis_.o
a - getdir_.o
a - Malloc.o
a - FileName.o
a - ttyux.o
a - utcpgn.o
a - dttmsn.o
a - ckfsdg.o
a - uscnvt.o
a - utscdg.o

Done making all for util, files are now up-to-date.

rm -f *.o ../../lib/wdmlib.a
Removed files generated by make.

f77 -fbounds-check  -c -o wdbtch.o wdbtch.f
f77 -fbounds-check  -c -o wdatrb.o wdatrb.f
f77 -fbounds-check  -c -o wdatm2.o wdatm2.f
f77 -fbounds-check  -c -o wdsptm.o wdsptm.f
f77 -fbounds-check  -c -o wdimpt.o wdimpt.f
f77 -fbounds-check  -c -o wdexpt.o wdexpt.f
f77 -fbounds-check  -c -o wdtms2.o wdtms2.f
f77 -fbounds-check  -c -o wdtms1.o wdtms1.f
f77 -fbounds-check  -c -o wdtble.o wdtble.f
f77 -fbounds-check  -c -o wdtbl2.o wdtbl2.f
f77 -fbounds-check  -c -o wddlg.o wddlg.f
f77 -fbounds-check  -c -o wdatru.o wdatru.f
f77 -fbounds-check  -c -o tsbufr.o tsbufr.f
f77 -fbounds-check  -c -o wdtms3.o wdtms3.f
f77 -fbounds-check  -c -o wdmid.o wdmid.f

 making ../../lib/wdmlib.a
ar rv ../../lib/wdmlib.a wdbtch.o wdatrb.o wdatm2.o wdsptm.o wdimpt.o wdexpt.o wdtms2.o wdtms1.o wdtble.o wdtbl2.o wddlg.o wdatru.o tsbufr.o wdtms3.o wdmid.o ../util/utcpgn.o
ar: creating ../../lib/wdmlib.a
a - wdbtch.o
a - wdatrb.o
a - wdatm2.o
a - wdsptm.o
a - wdimpt.o
a - wdexpt.o
a - wdtms2.o
a - wdtms1.o
a - wdtble.o
a - wdtbl2.o
a - wddlg.o
a - wdatru.o
a - tsbufr.o
a - wdtms3.o
a - wdmid.o
a - ../util/utcpgn.o

Done making all for wdm, files are now up-to-date.

rm -f *.o ../../lib/adwdmlib.a
Removed files generated by make.

f77 -fbounds-check   -c -o utwdmd.o utwdmd.f
f77 -fbounds-check   -c -o utwdmf.o utwdmf.f
f77 -fbounds-check   -c -o utwdt1.o utwdt1.f
f77 -fbounds-check   -c -o wdmess.o wdmess.f
f77 -fbounds-check   -c -o wdatm1.o wdatm1.f
f77 -fbounds-check   -c -o msimpt.o msimpt.f
f77 -fbounds-check   -c -o msexpt.o msexpt.f
f77 -fbounds-check   -c -o msopen.o msopen.f
f77 -fbounds-check   -c -o prtfil.o prtfil.f
f77 -fbounds-check   -c -o ztwdmf.o ztwdmf.f
f77 -fbounds-check   -c -o adutil.o adutil.f
f77 -fbounds-check   -c -o usysux.o usysux.f
f77 -fbounds-check   -c -o wdopux.o wdopux.f

 making ../../lib/adwdmlib.a
ar rv ../../lib/adwdmlib.a utwdmd.o utwdmf.o utwdt1.o wdmess.o wdatm1.o msimpt.o msexpt.o msopen.o prtfil.o ztwdmf.o adutil.o usysux.o wdopux.o
ar: creating ../../lib/adwdmlib.a
a - utwdmd.o
a - utwdmf.o
a - utwdt1.o
a - wdmess.o
a - wdatm1.o
a - msimpt.o
a - msexpt.o
a - msopen.o
a - prtfil.o
a - ztwdmf.o
a - adutil.o
a - usysux.o
a - wdopux.o

Done making all for adwdm, files are now up-to-date.

rm -f *.o ../../lib/awstatlib.a
Removed files generated by make.

f77 -fbounds-check  -c -o stutil.o stutil.f
f77 -fbounds-check  -c -o profdr.o profdr.f
f77 -fbounds-check  -c -o tscmpr.o tscmpr.f
f77 -fbounds-check  -c -o a193.o a193.f
f77 -fbounds-check  -c -o uta193.o uta193.f

 making ../../lib/awstatlib.a
ar rv ../../lib/awstatlib.a stutil.o profdr.o tscmpr.o a193.o uta193.o
ar: creating ../../lib/awstatlib.a
a - stutil.o
a - profdr.o
a - tscmpr.o
a - a193.o
a - uta193.o

Done making all for awstat, files are now up-to-date.

rm -f *.o ../../lib/g_den_hspflib.a
Removed files generated by make.

f77 -fbounds-check   -c -o hosuper.o hosuper.f
f77 -fbounds-check   -c -o hfiles.o hfiles.f
f77 -fbounds-check   -c -o hdatut.o hdatut.f
f77 -fbounds-check   -c -o hgenut.o hgenut.f
f77 -fbounds-check   -c -o himp.o himp.f
f77 -fbounds-check   -c -o himpgas.o himpgas.f
f77 -fbounds-check   -c -o himpqua.o himpqua.f
f77 -fbounds-check   -c -o himpsld.o himpsld.f
f77 -fbounds-check   -c -o himpwat.o himpwat.f
f77 -fbounds-check   -c -o hioosup.o hioosup.f
f77 -fbounds-check   -c -o hioosv.o hioosv.f
f77 -fbounds-check   -c -o hiotsin.o hiotsin.f
f77 -fbounds-check   -c -o hiouci.o hiouci.f
f77 -fbounds-check   -c -o hiowrk.o hiowrk.f
f77 -fbounds-check   -c -o hper.o hper.f
f77 -fbounds-check   -c -o hperagut.o hperagut.f
f77 -fbounds-check   -c -o hperair.o hperair.f
f77 -fbounds-check   -c -o hpergas.o hpergas.f
f77 -fbounds-check   -c -o hpermst.o hpermst.f
f77 -fbounds-check   -c -o hperpes.o hperpes.f
f77 -fbounds-check   -c -o hperpho.o hperpho.f
f77 -fbounds-check   -c -o hperqua.o hperqua.f
f77 -fbounds-check   -c -o hpersed.o hpersed.f
f77 -fbounds-check   -c -o hpertmp.o hpertmp.f
f77 -fbounds-check   -c -o hpertra.o hpertra.f
f77 -fbounds-check   -c -o hperwat.o hperwat.f
f77 -fbounds-check   -c -o hpernit.o hpernit.f
f77 -fbounds-check   -c -o hpersno.o hpersno.f
f77 -fbounds-check   -c -o hprbut.o hprbut.f
f77 -fbounds-check   -c -o hrch.o hrch.f
f77 -fbounds-check   -c -o hrchaci.o hrchaci.f
f77 -fbounds-check   -c -o hrchcon.o hrchcon.f
f77 -fbounds-check   -c -o hrchgqu.o hrchgqu.f
f77 -fbounds-check   -c -o hrchhtr.o hrchhtr.f
f77 -fbounds-check   -c -o hrchnut.o hrchnut.f
hrchnut.f:561:37:

      I                   MESSU,MSGFL,DATIM,
                                     1
Warning: Rank mismatch in argument ‘datim’ at (1) (scalar and rank-1)
hrchnut.f:599:37:

      I                   MESSU,MSGFL,DATIM,
                                     1
Warning: Rank mismatch in argument ‘datim’ at (1) (scalar and rank-1)
f77 -fbounds-check   -c -o hrchoxr.o hrchoxr.f
f77 -fbounds-check   -c -o hrchphc.o hrchphc.f
f77 -fbounds-check   -c -o hrchplk.o hrchplk.f
f77 -fbounds-check   -c -o hrchrq.o hrchrq.f
f77 -fbounds-check   -c -o hrchut.o hrchut.f
f77 -fbounds-check   -c -o hrchhyd.o hrchhyd.f
f77 -fbounds-check   -c -o hrchsed.o hrchsed.f
f77 -fbounds-check   -c -o hringen.o hringen.f
f77 -fbounds-check   -c -o hringeut.o hringeut.f
f77 -fbounds-check   -c -o hrinoput.o hrinoput.f
f77 -fbounds-check   -c -o hrinseq.o hrinseq.f
f77 -fbounds-check   -c -o hrints.o hrints.f
f77 -fbounds-check   -c -o hrunut.o hrunut.f
f77 -fbounds-check   -c -o hruntsgp.o hruntsgp.f
f77 -fbounds-check   -c -o hruntsgq.o hruntsgq.f
f77 -fbounds-check   -c -o hruntsgt.o hruntsgt.f
f77 -fbounds-check   -c -o hruntsgw.o hruntsgw.f
f77 -fbounds-check   -c -o hruntsut.o hruntsut.f
f77 -fbounds-check   -c -o hrintss.o hrintss.f
hrintss.f:399:24:

             CALL PVAL(N,OFF,WS,VOTSB)
                        1
Warning: Actual argument contains too few elements for dummy argument ‘off’ (1/20) at (1)
hrintss.f:225:22:

           CALL PVAL(N,OFF,WS,VO)
                      1
Warning: Actual argument contains too few elements for dummy argument ‘off’ (1/20) at (1)
hrintss.f:242:24:

             CALL PVAL(N,OFF,WS,VOTSB)
                        1
Warning: Actual argument contains too few elements for dummy argument ‘off’ (1/20) at (1)
hrintss.f:252:24:

             CALL PVAL(N,OFF,WS,VOTSB)
                        1
Warning: Actual argument contains too few elements for dummy argument ‘off’ (1/20) at (1)
hrintss.f:260:24:

             CALL PVAL(N,OFF,WS,VOTSB)
                        1
Warning: Actual argument contains too few elements for dummy argument ‘off’ (1/20) at (1)
hrintss.f:987:18:

       CALL PVAL(N,OFF,VAL,VOFREE)
                  1
Warning: Actual argument contains too few elements for dummy argument ‘off’ (1/20) at (1)
f77 -fbounds-check   -c -o hrinwdm.o hrinwdm.f
f77 -fbounds-check   -c -o hruntspt.o hruntspt.f
hruntspt.f:280:26:

         CALL PTVAL(TOTCOM,OFF,XVAR,VOTFRM)
                          1
Warning: Actual argument contains too few elements for dummy argument ‘off’ (1/20) at (1)
hruntspt.f:293:19:

       CALL PTVAL(N,OFF,WORDR,VOTSB)
                   1
Warning: Actual argument contains too few elements for dummy argument ‘off’ (1/20) at (1)
hruntspt.f:523:23:

           CALL PTVAL(N,OFF,WORDR,VOTSB)
                       1
Warning: Actual argument contains too few elements for dummy argument ‘off’ (1/20) at (1)
hruntspt.f:542:23:

           CALL PTVAL(N,OFF,WORDR,VOTSB)
                       1
Warning: Actual argument contains too few elements for dummy argument ‘off’ (1/20) at (1)
hruntspt.f:571:23:

           CALL PTVAL(N,OFF,WORDR,VONXYR)
                       1
Warning: Actual argument contains too few elements for dummy argument ‘off’ (1/20) at (1)
hruntspt.f:743:24:

       CALL PTVAL(TOTCOM,OFF,XVAR,VOTFRM)
                        1
Warning: Actual argument contains too few elements for dummy argument ‘off’ (1/20) at (1)
hruntspt.f:1923:24:

       CALL PTVAL(TOTCOM,OFF,XVAR,VOTFRM)
                        1
Warning: Actual argument contains too few elements for dummy argument ‘off’ (1/20) at (1)
hruntspt.f:1733:21:

         CALL PTVAL(N,OFF,WORDR,VOTSB)
                     1
Warning: Actual argument contains too few elements for dummy argument ‘off’ (1/20) at (1)
f77 -fbounds-check   -c -o hruntspw.o hruntspw.f
f77 -fbounds-check   -c -o htsinsi.o htsinsi.f
f77 -fbounds-check   -c -o htsinsz.o htsinsz.f
f77 -fbounds-check   -c -o htssut.o htssut.f
f77 -fbounds-check   -c -o hutop.o hutop.f
f77 -fbounds-check   -c -o hutopinp.o hutopinp.f
f77 -fbounds-check   -c -o hwdmut.o hwdmut.f
f77 -fbounds-check   -c -o hutdura.o hutdura.f
f77 -fbounds-check   -c -o specact.o specact.f
f77 -fbounds-check   -c -o hspf.o hspf.f
f77 -fbounds-check   -c -o hspfec.o hspfec.f
f77 -fbounds-check   -c -o hspfitab.o hspfitab.f
f77 -fbounds-check   -c -o hrinopn.o hrinopn.f
f77 -fbounds-check   -c -o hextutil.o hextutil.f

 making ../../lib/g_den_hspflib.a
ar rv ../../lib/g_den_hspflib.a hosuper.o hfiles.o hdatut.o hgenut.o himp.o himpgas.o himpqua.o himpsld.o himpwat.o hioosup.o hioosv.o hiotsin.o hiouci.o hiowrk.o hper.o hperagut.o hperair.o hpergas.o hpermst.o hperpes.o hperpho.o hperqua.o hpersed.o hpertmp.o hpertra.o hperwat.o hpernit.o hpersno.o hprbut.o hrch.o hrchaci.o hrchcon.o hrchgqu.o hrchhtr.o hrchnut.o hrchoxr.o hrchphc.o hrchplk.o hrchrq.o hrchut.o hrchhyd.o hrchsed.o hringen.o hringeut.o hrinoput.o hrinseq.o hrints.o hrunut.o hruntsgp.o hruntsgq.o hruntsgt.o hruntsgw.o hruntsut.o hrintss.o hrinwdm.o hruntspt.o hruntspw.o htsinsi.o htsinsz.o htssut.o hutop.o hutopinp.o hwdmut.o hutdura.o specact.o hspf.o hspfec.o hspfitab.o hrinopn.o hextutil.o
ar: creating ../../lib/g_den_hspflib.a
a - hosuper.o
a - hfiles.o
a - hdatut.o
a - hgenut.o
a - himp.o
a - himpgas.o
a - himpqua.o
a - himpsld.o
a - himpwat.o
a - hioosup.o
a - hioosv.o
a - hiotsin.o
a - hiouci.o
a - hiowrk.o
a - hper.o
a - hperagut.o
a - hperair.o
a - hpergas.o
a - hpermst.o
a - hperpes.o
a - hperpho.o
a - hperqua.o
a - hpersed.o
a - hpertmp.o
a - hpertra.o
a - hperwat.o
a - hpernit.o
a - hpersno.o
a - hprbut.o
a - hrch.o
a - hrchaci.o
a - hrchcon.o
a - hrchgqu.o
a - hrchhtr.o
a - hrchnut.o
a - hrchoxr.o
a - hrchphc.o
a - hrchplk.o
a - hrchrq.o
a - hrchut.o
a - hrchhyd.o
a - hrchsed.o
a - hringen.o
a - hringeut.o
a - hrinoput.o
a - hrinseq.o
a - hrints.o
a - hrunut.o
a - hruntsgp.o
a - hruntsgq.o
a - hruntsgt.o
a - hruntsgw.o
a - hruntsut.o
a - hrintss.o
a - hrinwdm.o
a - hruntspt.o
a - hruntspw.o
a - htsinsi.o
a - htsinsz.o
a - htssut.o
a - hutop.o
a - hutopinp.o
a - hwdmut.o
a - hutdura.o
a - specact.o
a - hspf.o
a - hspfec.o
a - hspfitab.o
a - hrinopn.o
a - hextutil.o

Done making all for hspf, files are now up-to-date.

rm -f *.o ../../lib/hspflib.a
Removed files generated by make.

f77 -fbounds-check   -c -o hosuper.o hosuper.f
f77 -fbounds-check   -c -o hfiles.o hfiles.f
f77 -fbounds-check   -c -o hdatut.o hdatut.f
f77 -fbounds-check   -c -o hgenut.o hgenut.f
f77 -fbounds-check   -c -o himp.o himp.f
f77 -fbounds-check   -c -o himpgas.o himpgas.f
f77 -fbounds-check   -c -o himpqua.o himpqua.f
f77 -fbounds-check   -c -o himpsld.o himpsld.f
f77 -fbounds-check   -c -o himpwat.o himpwat.f
f77 -fbounds-check   -c -o hioosup.o hioosup.f
f77 -fbounds-check   -c -o hioosv.o hioosv.f
f77 -fbounds-check   -c -o hiotsin.o hiotsin.f
f77 -fbounds-check   -c -o hiouci.o hiouci.f
f77 -fbounds-check   -c -o hiowrk.o hiowrk.f
f77 -fbounds-check   -c -o hper.o hper.f
f77 -fbounds-check   -c -o hperagut.o hperagut.f
f77 -fbounds-check   -c -o hperair.o hperair.f
f77 -fbounds-check   -c -o hpergas.o hpergas.f
f77 -fbounds-check   -c -o hpermst.o hpermst.f
f77 -fbounds-check   -c -o hperpes.o hperpes.f
f77 -fbounds-check   -c -o hperpho.o hperpho.f
f77 -fbounds-check   -c -o hperqua.o hperqua.f
f77 -fbounds-check   -c -o hpersed.o hpersed.f
f77 -fbounds-check   -c -o hpertmp.o hpertmp.f
f77 -fbounds-check   -c -o hpertra.o hpertra.f
f77 -fbounds-check   -c -o hperwat.o hperwat.f
f77 -fbounds-check   -c -o hpernit.o hpernit.f
f77 -fbounds-check   -c -o hpersno.o hpersno.f
f77 -fbounds-check   -c -o hprbut.o hprbut.f
f77 -fbounds-check   -c -o hrch.o hrch.f
f77 -fbounds-check   -c -o hrchaci.o hrchaci.f
f77 -fbounds-check   -c -o hrchcon.o hrchcon.f
f77 -fbounds-check   -c -o hrchgqu.o hrchgqu.f
f77 -fbounds-check   -c -o hrchhtr.o hrchhtr.f
f77 -fbounds-check   -c -o hrchnut.o hrchnut.f
hrchnut.f:539:37:

      I                   MESSU,MSGFL,DATIM,
                                     1
Warning: Rank mismatch in argument ‘datim’ at (1) (scalar and rank-1)
hrchnut.f:577:37:

      I                   MESSU,MSGFL,DATIM,
                                     1
Warning: Rank mismatch in argument ‘datim’ at (1) (scalar and rank-1)
f77 -fbounds-check   -c -o hrchoxr.o hrchoxr.f
f77 -fbounds-check   -c -o hrchphc.o hrchphc.f
f77 -fbounds-check   -c -o hrchplk.o hrchplk.f
f77 -fbounds-check   -c -o hrchrq.o hrchrq.f
f77 -fbounds-check   -c -o hrchut.o hrchut.f
f77 -fbounds-check   -c -o hrchhyd.o hrchhyd.f
f77 -fbounds-check   -c -o hrchsed.o hrchsed.f
f77 -fbounds-check   -c -o hringen.o hringen.f
f77 -fbounds-check   -c -o hringeut.o hringeut.f
f77 -fbounds-check   -c -o hrinoput.o hrinoput.f
f77 -fbounds-check   -c -o hrinseq.o hrinseq.f
f77 -fbounds-check   -c -o hrints.o hrints.f
f77 -fbounds-check   -c -o hrunut.o hrunut.f
f77 -fbounds-check   -c -o hruntsgp.o hruntsgp.f
f77 -fbounds-check   -c -o hruntsgq.o hruntsgq.f
f77 -fbounds-check   -c -o hruntsgt.o hruntsgt.f
f77 -fbounds-check   -c -o hruntsgw.o hruntsgw.f
f77 -fbounds-check   -c -o hruntsut.o hruntsut.f
f77 -fbounds-check   -c -o hrintss.o hrintss.f
hrintss.f:399:24:

             CALL PVAL(N,OFF,WS,VOTSB)
                        1
Warning: Actual argument contains too few elements for dummy argument ‘off’ (1/20) at (1)
hrintss.f:225:22:

           CALL PVAL(N,OFF,WS,VO)
                      1
Warning: Actual argument contains too few elements for dummy argument ‘off’ (1/20) at (1)
hrintss.f:242:24:

             CALL PVAL(N,OFF,WS,VOTSB)
                        1
Warning: Actual argument contains too few elements for dummy argument ‘off’ (1/20) at (1)
hrintss.f:252:24:

             CALL PVAL(N,OFF,WS,VOTSB)
                        1
Warning: Actual argument contains too few elements for dummy argument ‘off’ (1/20) at (1)
hrintss.f:260:24:

             CALL PVAL(N,OFF,WS,VOTSB)
                        1
Warning: Actual argument contains too few elements for dummy argument ‘off’ (1/20) at (1)
hrintss.f:987:18:

       CALL PVAL(N,OFF,VAL,VOFREE)
                  1
Warning: Actual argument contains too few elements for dummy argument ‘off’ (1/20) at (1)
f77 -fbounds-check   -c -o hrinwdm.o hrinwdm.f
f77 -fbounds-check   -c -o hruntspt.o hruntspt.f
hruntspt.f:280:26:

         CALL PTVAL(TOTCOM,OFF,XVAR,VOTFRM)
                          1
Warning: Actual argument contains too few elements for dummy argument ‘off’ (1/20) at (1)
hruntspt.f:293:19:

       CALL PTVAL(N,OFF,WORDR,VOTSB)
                   1
Warning: Actual argument contains too few elements for dummy argument ‘off’ (1/20) at (1)
hruntspt.f:523:23:

           CALL PTVAL(N,OFF,WORDR,VOTSB)
                       1
Warning: Actual argument contains too few elements for dummy argument ‘off’ (1/20) at (1)
hruntspt.f:542:23:

           CALL PTVAL(N,OFF,WORDR,VOTSB)
                       1
Warning: Actual argument contains too few elements for dummy argument ‘off’ (1/20) at (1)
hruntspt.f:571:23:

           CALL PTVAL(N,OFF,WORDR,VONXYR)
                       1
Warning: Actual argument contains too few elements for dummy argument ‘off’ (1/20) at (1)
hruntspt.f:743:24:

       CALL PTVAL(TOTCOM,OFF,XVAR,VOTFRM)
                        1
Warning: Actual argument contains too few elements for dummy argument ‘off’ (1/20) at (1)
hruntspt.f:1923:24:

       CALL PTVAL(TOTCOM,OFF,XVAR,VOTFRM)
                        1
Warning: Actual argument contains too few elements for dummy argument ‘off’ (1/20) at (1)
hruntspt.f:1733:21:

         CALL PTVAL(N,OFF,WORDR,VOTSB)
                     1
Warning: Actual argument contains too few elements for dummy argument ‘off’ (1/20) at (1)
f77 -fbounds-check   -c -o hruntspw.o hruntspw.f
f77 -fbounds-check   -c -o htsinsi.o htsinsi.f
f77 -fbounds-check   -c -o htsinsz.o htsinsz.f
f77 -fbounds-check   -c -o htssut.o htssut.f
f77 -fbounds-check   -c -o hutop.o hutop.f
f77 -fbounds-check   -c -o hutopinp.o hutopinp.f
f77 -fbounds-check   -c -o hwdmut.o hwdmut.f
f77 -fbounds-check   -c -o hutdura.o hutdura.f
f77 -fbounds-check   -c -o specact.o specact.f
f77 -fbounds-check   -c -o hspf.o hspf.f
f77 -fbounds-check   -c -o hspfec.o hspfec.f
f77 -fbounds-check   -c -o hspfitab.o hspfitab.f
f77 -fbounds-check   -c -o hrinopn.o hrinopn.f
f77 -fbounds-check   -c -o hextutil.o hextutil.f

 making ../../lib/hspflib.a
ar rv ../../lib/hspflib.a hosuper.o hfiles.o hdatut.o hgenut.o himp.o himpgas.o himpqua.o himpsld.o himpwat.o hioosup.o hioosv.o hiotsin.o hiouci.o hiowrk.o hper.o hperagut.o hperair.o hpergas.o hpermst.o hperpes.o hperpho.o hperqua.o hpersed.o hpertmp.o hpertra.o hperwat.o hpernit.o hpersno.o hprbut.o hrch.o hrchaci.o hrchcon.o hrchgqu.o hrchhtr.o hrchnut.o hrchoxr.o hrchphc.o hrchplk.o hrchrq.o hrchut.o hrchhyd.o hrchsed.o hringen.o hringeut.o hrinoput.o hrinseq.o hrints.o hrunut.o hruntsgp.o hruntsgq.o hruntsgt.o hruntsgw.o hruntsut.o hrintss.o hrinwdm.o hruntspt.o hruntspw.o htsinsi.o htsinsz.o htssut.o hutop.o hutopinp.o hwdmut.o hutdura.o specact.o hspf.o hspfec.o hspfitab.o hrinopn.o hextutil.o
ar: creating ../../lib/hspflib.a
a - hosuper.o
a - hfiles.o
a - hdatut.o
a - hgenut.o
a - himp.o
a - himpgas.o
a - himpqua.o
a - himpsld.o
a - himpwat.o
a - hioosup.o
a - hioosv.o
a - hiotsin.o
a - hiouci.o
a - hiowrk.o
a - hper.o
a - hperagut.o
a - hperair.o
a - hpergas.o
a - hpermst.o
a - hperpes.o
a - hperpho.o
a - hperqua.o
a - hpersed.o
a - hpertmp.o
a - hpertra.o
a - hperwat.o
a - hpernit.o
a - hpersno.o
a - hprbut.o
a - hrch.o
a - hrchaci.o
a - hrchcon.o
a - hrchgqu.o
a - hrchhtr.o
a - hrchnut.o
a - hrchoxr.o
a - hrchphc.o
a - hrchplk.o
a - hrchrq.o
a - hrchut.o
a - hrchhyd.o
a - hrchsed.o
a - hringen.o
a - hringeut.o
a - hrinoput.o
a - hrinseq.o
a - hrints.o
a - hrunut.o
a - hruntsgp.o
a - hruntsgq.o
a - hruntsgt.o
a - hruntsgw.o
a - hruntsut.o
a - hrintss.o
a - hrinwdm.o
a - hruntspt.o
a - hruntspw.o
a - htsinsi.o
a - htsinsz.o
a - htssut.o
a - hutop.o
a - hutopinp.o
a - hwdmut.o
a - hutdura.o
a - specact.o
a - hspf.o
a - hspfec.o
a - hspfitab.o
a - hrinopn.o
a - hextutil.o

Done making all for hspf, files are now up-to-date.

rm -f *.o ../../lib/ICPRBhspflib.a
Removed files generated by make.

f77 -u -OM   -c -o hosuper.o hosuper.f
f77 -u -OM   -c -o hfiles.o hfiles.f
f77 -u -OM   -c -o hdatut.o hdatut.f
f77 -u -OM   -c -o hgenut.o hgenut.f
f77 -u -OM   -c -o himp.o himp.f
f77 -u -OM   -c -o himpgas.o himpgas.f
f77 -u -OM   -c -o himpqua.o himpqua.f
f77 -u -OM   -c -o himpsld.o himpsld.f
f77 -u -OM   -c -o himpwat.o himpwat.f
f77 -u -OM   -c -o hioosup.o hioosup.f
f77 -u -OM   -c -o hioosv.o hioosv.f
f77 -u -OM   -c -o hiotsin.o hiotsin.f
f77 -u -OM   -c -o hiouci.o hiouci.f
f77 -u -OM   -c -o hiowrk.o hiowrk.f
f77 -u -OM   -c -o hper.o hper.f
f77 -u -OM   -c -o hperagut.o hperagut.f
f77 -u -OM   -c -o hperair.o hperair.f
f77 -u -OM   -c -o hpergas.o hpergas.f
f77 -u -OM   -c -o hpermst.o hpermst.f
f77 -u -OM   -c -o hperpes.o hperpes.f
f77 -u -OM   -c -o hperpho.o hperpho.f
f77 -u -OM   -c -o hperqua.o hperqua.f
f77 -u -OM   -c -o hpersed.o hpersed.f
f77 -u -OM   -c -o hpertmp.o hpertmp.f
f77 -u -OM   -c -o hpertra.o hpertra.f
f77 -u -OM   -c -o hperwat.o hperwat.f
f77 -u -OM   -c -o hpernit.o hpernit.f
f77 -u -OM   -c -o hpersno.o hpersno.f
f77 -u -OM   -c -o hprbut.o hprbut.f
f77 -u -OM   -c -o hrch.o hrch.f
f77 -u -OM   -c -o hrchaci.o hrchaci.f
f77 -u -OM   -c -o hrchcon.o hrchcon.f
f77 -u -OM   -c -o hrchgqu.o hrchgqu.f
f77 -u -OM   -c -o hrchhtr.o hrchhtr.f
f77 -u -OM   -c -o hrchnut.o hrchnut.f
hrchnut.f:539:37:

      I                   MESSU,MSGFL,DATIM,
                                     1
Warning: Rank mismatch in argument ‘datim’ at (1) (scalar and rank-1)
hrchnut.f:577:37:

      I                   MESSU,MSGFL,DATIM,
                                     1
Warning: Rank mismatch in argument ‘datim’ at (1) (scalar and rank-1)
f77 -u -OM   -c -o hrchoxr.o hrchoxr.f
f77 -u -OM   -c -o hrchphc.o hrchphc.f
f77 -u -OM   -c -o hrchplk.o hrchplk.f
f77 -u -OM   -c -o hrchrq.o hrchrq.f
f77 -u -OM   -c -o hrchut.o hrchut.f
f77 -u -OM   -c -o hrchhyd.o hrchhyd.f
f77 -u -OM   -c -o hrchsed.o hrchsed.f
f77 -u -OM   -c -o hringen.o hringen.f
f77 -u -OM   -c -o hringeut.o hringeut.f
f77 -u -OM   -c -o hrinoput.o hrinoput.f
f77 -u -OM   -c -o hrinseq.o hrinseq.f
f77 -u -OM   -c -o hrints.o hrints.f
f77 -u -OM   -c -o hrunut.o hrunut.f
f77 -u -OM   -c -o hruntsgp.o hruntsgp.f
f77 -u -OM   -c -o hruntsgq.o hruntsgq.f
f77 -u -OM   -c -o hruntsgt.o hruntsgt.f
f77 -u -OM   -c -o hruntsgw.o hruntsgw.f
f77 -u -OM   -c -o hruntsut.o hruntsut.f
f77 -u -OM   -c -o hrintss.o hrintss.f
hrintss.f:399:24:

             CALL PVAL(N,OFF,WS,VOTSB)
                        1
Warning: Actual argument contains too few elements for dummy argument ‘off’ (1/20) at (1)
hrintss.f:225:22:

           CALL PVAL(N,OFF,WS,VO)
                      1
Warning: Actual argument contains too few elements for dummy argument ‘off’ (1/20) at (1)
hrintss.f:242:24:

             CALL PVAL(N,OFF,WS,VOTSB)
                        1
Warning: Actual argument contains too few elements for dummy argument ‘off’ (1/20) at (1)
hrintss.f:252:24:

             CALL PVAL(N,OFF,WS,VOTSB)
                        1
Warning: Actual argument contains too few elements for dummy argument ‘off’ (1/20) at (1)
hrintss.f:260:24:

             CALL PVAL(N,OFF,WS,VOTSB)
                        1
Warning: Actual argument contains too few elements for dummy argument ‘off’ (1/20) at (1)
hrintss.f:987:18:

       CALL PVAL(N,OFF,VAL,VOFREE)
                  1
Warning: Actual argument contains too few elements for dummy argument ‘off’ (1/20) at (1)
f77 -u -OM   -c -o hrinwdm.o hrinwdm.f
f77 -u -OM   -c -o hruntspt.o hruntspt.f
hruntspt.f:280:26:

         CALL PTVAL(TOTCOM,OFF,XVAR,VOTFRM)
                          1
Warning: Actual argument contains too few elements for dummy argument ‘off’ (1/20) at (1)
hruntspt.f:293:19:

       CALL PTVAL(N,OFF,WORDR,VOTSB)
                   1
Warning: Actual argument contains too few elements for dummy argument ‘off’ (1/20) at (1)
hruntspt.f:523:23:

           CALL PTVAL(N,OFF,WORDR,VOTSB)
                       1
Warning: Actual argument contains too few elements for dummy argument ‘off’ (1/20) at (1)
hruntspt.f:542:23:

           CALL PTVAL(N,OFF,WORDR,VOTSB)
                       1
Warning: Actual argument contains too few elements for dummy argument ‘off’ (1/20) at (1)
hruntspt.f:571:23:

           CALL PTVAL(N,OFF,WORDR,VONXYR)
                       1
Warning: Actual argument contains too few elements for dummy argument ‘off’ (1/20) at (1)
hruntspt.f:743:24:

       CALL PTVAL(TOTCOM,OFF,XVAR,VOTFRM)
                        1
Warning: Actual argument contains too few elements for dummy argument ‘off’ (1/20) at (1)
hruntspt.f:1923:24:

       CALL PTVAL(TOTCOM,OFF,XVAR,VOTFRM)
                        1
Warning: Actual argument contains too few elements for dummy argument ‘off’ (1/20) at (1)
hruntspt.f:1733:21:

         CALL PTVAL(N,OFF,WORDR,VOTSB)
                     1
Warning: Actual argument contains too few elements for dummy argument ‘off’ (1/20) at (1)
f77 -u -OM   -c -o hruntspw.o hruntspw.f
f77 -u -OM   -c -o htsinsi.o htsinsi.f
f77 -u -OM   -c -o htsinsz.o htsinsz.f
f77 -u -OM   -c -o htssut.o htssut.f
f77 -u -OM   -c -o hutop.o hutop.f
f77 -u -OM   -c -o hutopinp.o hutopinp.f
f77 -u -OM   -c -o hwdmut.o hwdmut.f
f77 -u -OM   -c -o hutdura.o hutdura.f
f77 -u -OM   -c -o specact.o specact.f
f77 -u -OM   -c -o hspf.o hspf.f
f77 -u -OM   -c -o hspfec.o hspfec.f
f77 -u -OM   -c -o hspfitab.o hspfitab.f
f77 -u -OM   -c -o hrinopn.o hrinopn.f
f77 -u -OM   -c -o hextutil.o hextutil.f

 making ../../lib/ICPRBhspflib.a
ar rv ../../lib/ICPRBhspflib.a hosuper.o hfiles.o hdatut.o hgenut.o himp.o himpgas.o himpqua.o himpsld.o himpwat.o hioosup.o hioosv.o hiotsin.o hiouci.o hiowrk.o hper.o hperagut.o hperair.o hpergas.o hpermst.o hperpes.o hperpho.o hperqua.o hpersed.o hpertmp.o hpertra.o hperwat.o hpernit.o hpersno.o hprbut.o hrch.o hrchaci.o hrchcon.o hrchgqu.o hrchhtr.o hrchnut.o hrchoxr.o hrchphc.o hrchplk.o hrchrq.o hrchut.o hrchhyd.o hrchsed.o hringen.o hringeut.o hrinoput.o hrinseq.o hrints.o hrunut.o hruntsgp.o hruntsgq.o hruntsgt.o hruntsgw.o hruntsut.o hrintss.o hrinwdm.o hruntspt.o hruntspw.o htsinsi.o htsinsz.o htssut.o hutop.o hutopinp.o hwdmut.o hutdura.o specact.o hspf.o hspfec.o hspfitab.o hrinopn.o hextutil.o
ar: creating ../../lib/ICPRBhspflib.a
a - hosuper.o
a - hfiles.o
a - hdatut.o
a - hgenut.o
a - himp.o
a - himpgas.o
a - himpqua.o
a - himpsld.o
a - himpwat.o
a - hioosup.o
a - hioosv.o
a - hiotsin.o
a - hiouci.o
a - hiowrk.o
a - hper.o
a - hperagut.o
a - hperair.o
a - hpergas.o
a - hpermst.o
a - hperpes.o
a - hperpho.o
a - hperqua.o
a - hpersed.o
a - hpertmp.o
a - hpertra.o
a - hperwat.o
a - hpernit.o
a - hpersno.o
a - hprbut.o
a - hrch.o
a - hrchaci.o
a - hrchcon.o
a - hrchgqu.o
a - hrchhtr.o
a - hrchnut.o
a - hrchoxr.o
a - hrchphc.o
a - hrchplk.o
a - hrchrq.o
a - hrchut.o
a - hrchhyd.o
a - hrchsed.o
a - hringen.o
a - hringeut.o
a - hrinoput.o
a - hrinseq.o
a - hrints.o
a - hrunut.o
a - hruntsgp.o
a - hruntsgq.o
a - hruntsgt.o
a - hruntsgw.o
a - hruntsut.o
a - hrintss.o
a - hrinwdm.o
a - hruntspt.o
a - hruntspw.o
a - htsinsi.o
a - htsinsz.o
a - htssut.o
a - hutop.o
a - hutopinp.o
a - hwdmut.o
a - hutdura.o
a - specact.o
a - hspf.o
a - hspfec.o
a - hspfitab.o
a - hrinopn.o
a - hextutil.o

Done making all for hspf, files are now up-to-date.

rm -f *.o ../../lib/pbhspflib.a
Removed files generated by make.

f77 -u -OM   -c -o hosuper.o hosuper.f
f77 -u -OM   -c -o hfiles.o hfiles.f
f77 -u -OM   -c -o hdatut.o hdatut.f
f77 -u -OM   -c -o hgenut.o hgenut.f
f77 -u -OM   -c -o himp.o himp.f
f77 -u -OM   -c -o himpgas.o himpgas.f
f77 -u -OM   -c -o himpqua.o himpqua.f
f77 -u -OM   -c -o himpsld.o himpsld.f
f77 -u -OM   -c -o himpwat.o himpwat.f
f77 -u -OM   -c -o hioosup.o hioosup.f
f77 -u -OM   -c -o hioosv.o hioosv.f
f77 -u -OM   -c -o hiotsin.o hiotsin.f
f77 -u -OM   -c -o hiouci.o hiouci.f
f77 -u -OM   -c -o hiowrk.o hiowrk.f
f77 -u -OM   -c -o hper.o hper.f
f77 -u -OM   -c -o hperagut.o hperagut.f
f77 -u -OM   -c -o hperair.o hperair.f
f77 -u -OM   -c -o hpergas.o hpergas.f
f77 -u -OM   -c -o hpermst.o hpermst.f
f77 -u -OM   -c -o hperpes.o hperpes.f
f77 -u -OM   -c -o hperpho.o hperpho.f
f77 -u -OM   -c -o hperqua.o hperqua.f
f77 -u -OM   -c -o hpersed.o hpersed.f
f77 -u -OM   -c -o hpertmp.o hpertmp.f
f77 -u -OM   -c -o hpertra.o hpertra.f
f77 -u -OM   -c -o hperwat.o hperwat.f
f77 -u -OM   -c -o hpernit.o hpernit.f
f77 -u -OM   -c -o hpersno.o hpersno.f
f77 -u -OM   -c -o hprbut.o hprbut.f
f77 -u -OM   -c -o hrch.o hrch.f
f77 -u -OM   -c -o hrchaci.o hrchaci.f
f77 -u -OM   -c -o hrchcon.o hrchcon.f
f77 -u -OM   -c -o hrchgqu.o hrchgqu.f
f77 -u -OM   -c -o hrchhtr.o hrchhtr.f
f77 -u -OM   -c -o hrchnut.o hrchnut.f
hrchnut.f:539:37:

      I                   MESSU,MSGFL,DATIM,
                                     1
Warning: Rank mismatch in argument ‘datim’ at (1) (scalar and rank-1)
hrchnut.f:577:37:

      I                   MESSU,MSGFL,DATIM,
                                     1
Warning: Rank mismatch in argument ‘datim’ at (1) (scalar and rank-1)
f77 -u -OM   -c -o hrchoxr.o hrchoxr.f
f77 -u -OM   -c -o hrchphc.o hrchphc.f
f77 -u -OM   -c -o hrchplk.o hrchplk.f
f77 -u -OM   -c -o hrchrq.o hrchrq.f
f77 -u -OM   -c -o hrchut.o hrchut.f
f77 -u -OM   -c -o hrchhyd.o hrchhyd.f
f77 -u -OM   -c -o hrchsed.o hrchsed.f
f77 -u -OM   -c -o hringen.o hringen.f
f77 -u -OM   -c -o hringeut.o hringeut.f
f77 -u -OM   -c -o hrinoput.o hrinoput.f
f77 -u -OM   -c -o hrinseq.o hrinseq.f
f77 -u -OM   -c -o hrints.o hrints.f
f77 -u -OM   -c -o hrunut.o hrunut.f
f77 -u -OM   -c -o hruntsgp.o hruntsgp.f
f77 -u -OM   -c -o hruntsgq.o hruntsgq.f
f77 -u -OM   -c -o hruntsgt.o hruntsgt.f
f77 -u -OM   -c -o hruntsgw.o hruntsgw.f
f77 -u -OM   -c -o hruntsut.o hruntsut.f
f77 -u -OM   -c -o hrintss.o hrintss.f
hrintss.f:399:24:

             CALL PVAL(N,OFF,WS,VOTSB)
                        1
Warning: Actual argument contains too few elements for dummy argument ‘off’ (1/20) at (1)
hrintss.f:225:22:

           CALL PVAL(N,OFF,WS,VO)
                      1
Warning: Actual argument contains too few elements for dummy argument ‘off’ (1/20) at (1)
hrintss.f:242:24:

             CALL PVAL(N,OFF,WS,VOTSB)
                        1
Warning: Actual argument contains too few elements for dummy argument ‘off’ (1/20) at (1)
hrintss.f:252:24:

             CALL PVAL(N,OFF,WS,VOTSB)
                        1
Warning: Actual argument contains too few elements for dummy argument ‘off’ (1/20) at (1)
hrintss.f:260:24:

             CALL PVAL(N,OFF,WS,VOTSB)
                        1
Warning: Actual argument contains too few elements for dummy argument ‘off’ (1/20) at (1)
hrintss.f:987:18:

       CALL PVAL(N,OFF,VAL,VOFREE)
                  1
Warning: Actual argument contains too few elements for dummy argument ‘off’ (1/20) at (1)
f77 -u -OM   -c -o hrinwdm.o hrinwdm.f
f77 -u -OM   -c -o hruntspt.o hruntspt.f
hruntspt.f:280:26:

         CALL PTVAL(TOTCOM,OFF,XVAR,VOTFRM)
                          1
Warning: Actual argument contains too few elements for dummy argument ‘off’ (1/20) at (1)
hruntspt.f:293:19:

       CALL PTVAL(N,OFF,WORDR,VOTSB)
                   1
Warning: Actual argument contains too few elements for dummy argument ‘off’ (1/20) at (1)
hruntspt.f:523:23:

           CALL PTVAL(N,OFF,WORDR,VOTSB)
                       1
Warning: Actual argument contains too few elements for dummy argument ‘off’ (1/20) at (1)
hruntspt.f:542:23:

           CALL PTVAL(N,OFF,WORDR,VOTSB)
                       1
Warning: Actual argument contains too few elements for dummy argument ‘off’ (1/20) at (1)
hruntspt.f:571:23:

           CALL PTVAL(N,OFF,WORDR,VONXYR)
                       1
Warning: Actual argument contains too few elements for dummy argument ‘off’ (1/20) at (1)
hruntspt.f:743:24:

       CALL PTVAL(TOTCOM,OFF,XVAR,VOTFRM)
                        1
Warning: Actual argument contains too few elements for dummy argument ‘off’ (1/20) at (1)
hruntspt.f:1923:24:

       CALL PTVAL(TOTCOM,OFF,XVAR,VOTFRM)
                        1
Warning: Actual argument contains too few elements for dummy argument ‘off’ (1/20) at (1)
hruntspt.f:1733:21:

         CALL PTVAL(N,OFF,WORDR,VOTSB)
                     1
Warning: Actual argument contains too few elements for dummy argument ‘off’ (1/20) at (1)
f77 -u -OM   -c -o hruntspw.o hruntspw.f
f77 -u -OM   -c -o htsinsi.o htsinsi.f
f77 -u -OM   -c -o htsinsz.o htsinsz.f
f77 -u -OM   -c -o htssut.o htssut.f
f77 -u -OM   -c -o hutop.o hutop.f
f77 -u -OM   -c -o hutopinp.o hutopinp.f
f77 -u -OM   -c -o hwdmut.o hwdmut.f
f77 -u -OM   -c -o hutdura.o hutdura.f
f77 -u -OM   -c -o specact.o specact.f
f77 -u -OM   -c -o hspf.o hspf.f
f77 -u -OM   -c -o hspfec.o hspfec.f
f77 -u -OM   -c -o hspfitab.o hspfitab.f
f77 -u -OM   -c -o hrinopn.o hrinopn.f
f77 -u -OM   -c -o hextutil.o hextutil.f

 making ../../lib/pbhspflib.a
ar rv ../../lib/pbhspflib.a hosuper.o hfiles.o hdatut.o hgenut.o himp.o himpgas.o himpqua.o himpsld.o himpwat.o hioosup.o hioosv.o hiotsin.o hiouci.o hiowrk.o hper.o hperagut.o hperair.o hpergas.o hpermst.o hperpes.o hperpho.o hperqua.o hpersed.o hpertmp.o hpertra.o hperwat.o hpernit.o hpersno.o hprbut.o hrch.o hrchaci.o hrchcon.o hrchgqu.o hrchhtr.o hrchnut.o hrchoxr.o hrchphc.o hrchplk.o hrchrq.o hrchut.o hrchhyd.o hrchsed.o hringen.o hringeut.o hrinoput.o hrinseq.o hrints.o hrunut.o hruntsgp.o hruntsgq.o hruntsgt.o hruntsgw.o hruntsut.o hrintss.o hrinwdm.o hruntspt.o hruntspw.o htsinsi.o htsinsz.o htssut.o hutop.o hutopinp.o hwdmut.o hutdura.o specact.o hspf.o hspfec.o hspfitab.o hrinopn.o hextutil.o
ar: creating ../../lib/pbhspflib.a
a - hosuper.o
a - hfiles.o
a - hdatut.o
a - hgenut.o
a - himp.o
a - himpgas.o
a - himpqua.o
a - himpsld.o
a - himpwat.o
a - hioosup.o
a - hioosv.o
a - hiotsin.o
a - hiouci.o
a - hiowrk.o
a - hper.o
a - hperagut.o
a - hperair.o
a - hpergas.o
a - hpermst.o
a - hperpes.o
a - hperpho.o
a - hperqua.o
a - hpersed.o
a - hpertmp.o
a - hpertra.o
a - hperwat.o
a - hpernit.o
a - hpersno.o
a - hprbut.o
a - hrch.o
a - hrchaci.o
a - hrchcon.o
a - hrchgqu.o
a - hrchhtr.o
a - hrchnut.o
a - hrchoxr.o
a - hrchphc.o
a - hrchplk.o
a - hrchrq.o
a - hrchut.o
a - hrchhyd.o
a - hrchsed.o
a - hringen.o
a - hringeut.o
a - hrinoput.o
a - hrinseq.o
a - hrints.o
a - hrunut.o
a - hruntsgp.o
a - hruntsgq.o
a - hruntsgt.o
a - hruntsgw.o
a - hruntsut.o
a - hrintss.o
a - hrinwdm.o
a - hruntspt.o
a - hruntspw.o
a - htsinsi.o
a - htsinsz.o
a - htssut.o
a - hutop.o
a - hutopinp.o
a - hwdmut.o
a - hutdura.o
a - specact.o
a - hspf.o
a - hspfec.o
a - hspfitab.o
a - hrinopn.o
a - hextutil.o

Done making all for hspf, files are now up-to-date.

rm -f *.o ../../lib/annlib.a
Removed files generated by make.

f77 -fbounds-check  -c -o wdplot.o wdplot.f
f77 -fbounds-check  -c -o dswork.o dswork.f
f77 -fbounds-check  -c -o prwarc.o prwarc.f
f77 -fbounds-check  -c -o dsbld.o dsbld.f
f77 -fbounds-check  -c -o atwork.o atwork.f
f77 -fbounds-check  -c -o atdisp.o atdisp.f
f77 -fbounds-check  -c -o tswork.o tswork.f
f77 -fbounds-check  -c -o qtprnt.o qtprnt.f
f77 -fbounds-check  -c -o pgener.o pgener.f
f77 -fbounds-check  -c -o algebr.o algebr.f

 making ../../lib/annlib.a
ar rv ../../lib/annlib.a wdplot.o dswork.o prwarc.o dsbld.o atwork.o atdisp.o tswork.o qtprnt.o pgener.o algebr.o ../util/utcpgn.o
ar: creating ../../lib/annlib.a
a - wdplot.o
a - dswork.o
a - prwarc.o
a - dsbld.o
a - atwork.o
a - atdisp.o
a - tswork.o
a - qtprnt.o
a - pgener.o
a - algebr.o
a - ../util/utcpgn.o

Done making all for ann, files are now up-to-date.

rm -f *.o ../../lib/ghspflib.a
Removed files generated by make.

f77 -fbounds-check    -c -o hosuper.o hosuper.f
f77 -fbounds-check    -c -o hfiles.o hfiles.f
f77 -fbounds-check    -c -o hdatut.o hdatut.f
f77 -fbounds-check    -c -o hgenut.o hgenut.f
f77 -fbounds-check    -c -o himp.o himp.f
f77 -fbounds-check    -c -o himpgas.o himpgas.f
f77 -fbounds-check    -c -o himpqua.o himpqua.f
f77 -fbounds-check    -c -o himpsld.o himpsld.f
f77 -fbounds-check    -c -o himpwat.o himpwat.f
f77 -fbounds-check    -c -o hioosup.o hioosup.f
f77 -fbounds-check    -c -o hioosv.o hioosv.f
f77 -fbounds-check    -c -o hiotsin.o hiotsin.f
f77 -fbounds-check    -c -o hiouci.o hiouci.f
f77 -fbounds-check    -c -o hiowrk.o hiowrk.f
f77 -fbounds-check    -c -o hper.o hper.f
f77 -fbounds-check    -c -o hperagut.o hperagut.f
f77 -fbounds-check    -c -o hperair.o hperair.f
f77 -fbounds-check    -c -o hpergas.o hpergas.f
f77 -fbounds-check    -c -o hpermst.o hpermst.f
f77 -fbounds-check    -c -o hperpes.o hperpes.f
f77 -fbounds-check    -c -o hperpho.o hperpho.f
f77 -fbounds-check    -c -o hperqua.o hperqua.f
f77 -fbounds-check    -c -o hpersed.o hpersed.f
f77 -fbounds-check    -c -o hpertmp.o hpertmp.f
f77 -fbounds-check    -c -o hpertra.o hpertra.f
f77 -fbounds-check    -c -o hperwat.o hperwat.f
f77 -fbounds-check    -c -o hpernit.o hpernit.f
f77 -fbounds-check    -c -o hpersno.o hpersno.f
f77 -fbounds-check    -c -o hprbut.o hprbut.f
f77 -fbounds-check    -c -o hrch.o hrch.f
f77 -fbounds-check    -c -o hrchaci.o hrchaci.f
f77 -fbounds-check    -c -o hrchcon.o hrchcon.f
f77 -fbounds-check    -c -o hrchgqu.o hrchgqu.f
f77 -fbounds-check    -c -o hrchhtr.o hrchhtr.f
f77 -fbounds-check    -c -o hrchnut.o hrchnut.f
hrchnut.f:539:37:

      I                   MESSU,MSGFL,DATIM,
                                     1
Warning: Rank mismatch in argument ‘datim’ at (1) (scalar and rank-1)
hrchnut.f:577:37:

      I                   MESSU,MSGFL,DATIM,
                                     1
Warning: Rank mismatch in argument ‘datim’ at (1) (scalar and rank-1)
f77 -fbounds-check    -c -o hrchoxr.o hrchoxr.f
f77 -fbounds-check    -c -o hrchphc.o hrchphc.f
f77 -fbounds-check    -c -o hrchplk.o hrchplk.f
f77 -fbounds-check    -c -o hrchrq.o hrchrq.f
f77 -fbounds-check    -c -o hrchut.o hrchut.f
f77 -fbounds-check    -c -o hrchhyd.o hrchhyd.f
f77 -fbounds-check    -c -o hrchsed.o hrchsed.f
f77 -fbounds-check    -c -o hringen.o hringen.f
f77 -fbounds-check    -c -o hringeut.o hringeut.f
f77 -fbounds-check    -c -o hrinoput.o hrinoput.f
f77 -fbounds-check    -c -o hrinseq.o hrinseq.f
f77 -fbounds-check    -c -o hrints.o hrints.f
f77 -fbounds-check    -c -o hrunut.o hrunut.f
f77 -fbounds-check    -c -o hruntsgp.o hruntsgp.f
f77 -fbounds-check    -c -o hruntsgq.o hruntsgq.f
f77 -fbounds-check    -c -o hruntsgt.o hruntsgt.f
f77 -fbounds-check    -c -o hruntsgw.o hruntsgw.f
f77 -fbounds-check    -c -o hruntsut.o hruntsut.f
f77 -fbounds-check    -c -o hrintss.o hrintss.f
hrintss.f:399:24:

             CALL PVAL(N,OFF,WS,VOTSB)
                        1
Warning: Actual argument contains too few elements for dummy argument ‘off’ (1/20) at (1)
hrintss.f:225:22:

           CALL PVAL(N,OFF,WS,VO)
                      1
Warning: Actual argument contains too few elements for dummy argument ‘off’ (1/20) at (1)
hrintss.f:242:24:

             CALL PVAL(N,OFF,WS,VOTSB)
                        1
Warning: Actual argument contains too few elements for dummy argument ‘off’ (1/20) at (1)
hrintss.f:252:24:

             CALL PVAL(N,OFF,WS,VOTSB)
                        1
Warning: Actual argument contains too few elements for dummy argument ‘off’ (1/20) at (1)
hrintss.f:260:24:

             CALL PVAL(N,OFF,WS,VOTSB)
                        1
Warning: Actual argument contains too few elements for dummy argument ‘off’ (1/20) at (1)
hrintss.f:987:18:

       CALL PVAL(N,OFF,VAL,VOFREE)
                  1
Warning: Actual argument contains too few elements for dummy argument ‘off’ (1/20) at (1)
f77 -fbounds-check    -c -o hrinwdm.o hrinwdm.f
f77 -fbounds-check    -c -o hruntspt.o hruntspt.f
hruntspt.f:280:26:

         CALL PTVAL(TOTCOM,OFF,XVAR,VOTFRM)
                          1
Warning: Actual argument contains too few elements for dummy argument ‘off’ (1/20) at (1)
hruntspt.f:293:19:

       CALL PTVAL(N,OFF,WORDR,VOTSB)
                   1
Warning: Actual argument contains too few elements for dummy argument ‘off’ (1/20) at (1)
hruntspt.f:523:23:

           CALL PTVAL(N,OFF,WORDR,VOTSB)
                       1
Warning: Actual argument contains too few elements for dummy argument ‘off’ (1/20) at (1)
hruntspt.f:542:23:

           CALL PTVAL(N,OFF,WORDR,VOTSB)
                       1
Warning: Actual argument contains too few elements for dummy argument ‘off’ (1/20) at (1)
hruntspt.f:571:23:

           CALL PTVAL(N,OFF,WORDR,VONXYR)
                       1
Warning: Actual argument contains too few elements for dummy argument ‘off’ (1/20) at (1)
hruntspt.f:743:24:

       CALL PTVAL(TOTCOM,OFF,XVAR,VOTFRM)
                        1
Warning: Actual argument contains too few elements for dummy argument ‘off’ (1/20) at (1)
hruntspt.f:1923:24:

       CALL PTVAL(TOTCOM,OFF,XVAR,VOTFRM)
                        1
Warning: Actual argument contains too few elements for dummy argument ‘off’ (1/20) at (1)
hruntspt.f:1733:21:

         CALL PTVAL(N,OFF,WORDR,VOTSB)
                     1
Warning: Actual argument contains too few elements for dummy argument ‘off’ (1/20) at (1)
f77 -fbounds-check    -c -o hruntspw.o hruntspw.f
f77 -fbounds-check    -c -o htsinsi.o htsinsi.f
f77 -fbounds-check    -c -o htsinsz.o htsinsz.f
f77 -fbounds-check    -c -o htssut.o htssut.f
f77 -fbounds-check    -c -o hutop.o hutop.f
f77 -fbounds-check    -c -o hutopinp.o hutopinp.f
f77 -fbounds-check    -c -o hwdmut.o hwdmut.f
f77 -fbounds-check    -c -o hutdura.o hutdura.f
f77 -fbounds-check    -c -o specact.o specact.f
f77 -fbounds-check    -c -o hspf.o hspf.f
f77 -fbounds-check    -c -o hspfec.o hspfec.f
f77 -fbounds-check    -c -o hspfitab.o hspfitab.f
f77 -fbounds-check    -c -o hrinopn.o hrinopn.f
f77 -fbounds-check    -c -o hextutil.o hextutil.f

 making ../../lib/ghspflib.a
ar rv ../../lib/ghspflib.a hosuper.o hfiles.o hdatut.o hgenut.o himp.o himpgas.o himpqua.o himpsld.o himpwat.o hioosup.o hioosv.o hiotsin.o hiouci.o hiowrk.o hper.o hperagut.o hperair.o hpergas.o hpermst.o hperpes.o hperpho.o hperqua.o hpersed.o hpertmp.o hpertra.o hperwat.o hpernit.o hpersno.o hprbut.o hrch.o hrchaci.o hrchcon.o hrchgqu.o hrchhtr.o hrchnut.o hrchoxr.o hrchphc.o hrchplk.o hrchrq.o hrchut.o hrchhyd.o hrchsed.o hringen.o hringeut.o hrinoput.o hrinseq.o hrints.o hrunut.o hruntsgp.o hruntsgq.o hruntsgt.o hruntsgw.o hruntsut.o hrintss.o hrinwdm.o hruntspt.o hruntspw.o htsinsi.o htsinsz.o htssut.o hutop.o hutopinp.o hwdmut.o hutdura.o specact.o hspf.o hspfec.o hspfitab.o hrinopn.o hextutil.o
ar: creating ../../lib/ghspflib.a
a - hosuper.o
a - hfiles.o
a - hdatut.o
a - hgenut.o
a - himp.o
a - himpgas.o
a - himpqua.o
a - himpsld.o
a - himpwat.o
a - hioosup.o
a - hioosv.o
a - hiotsin.o
a - hiouci.o
a - hiowrk.o
a - hper.o
a - hperagut.o
a - hperair.o
a - hpergas.o
a - hpermst.o
a - hperpes.o
a - hperpho.o
a - hperqua.o
a - hpersed.o
a - hpertmp.o
a - hpertra.o
a - hperwat.o
a - hpernit.o
a - hpersno.o
a - hprbut.o
a - hrch.o
a - hrchaci.o
a - hrchcon.o
a - hrchgqu.o
a - hrchhtr.o
a - hrchnut.o
a - hrchoxr.o
a - hrchphc.o
a - hrchplk.o
a - hrchrq.o
a - hrchut.o
a - hrchhyd.o
a - hrchsed.o
a - hringen.o
a - hringeut.o
a - hrinoput.o
a - hrinseq.o
a - hrints.o
a - hrunut.o
a - hruntsgp.o
a - hruntsgq.o
a - hruntsgt.o
a - hruntsgw.o
a - hruntsut.o
a - hrintss.o
a - hrinwdm.o
a - hruntspt.o
a - hruntspw.o
a - htsinsi.o
a - htsinsz.o
a - htssut.o
a - hutop.o
a - hutopinp.o
a - hwdmut.o
a - hutdura.o
a - specact.o
a - hspf.o
a - hspfec.o
a - hspfitab.o
a - hrinopn.o
a - hextutil.o

Done making all for hspf, files are now up-to-date.

rm -f *.o ../../lib/graphlib.a ../../lib/graphlibx.a
Removed files generated by make.

f77 -u -OM  -c -o grcomn.o grcomn.f
f77 -u -OM  -c -o grutil.o grutil.f
f77 -u -OM  -c -o grdata.o grdata.f
f77 -u -OM  -c -o graxis.o graxis.f
f77 -u -OM  -c -o grtext.o grtext.f
f77 -u -OM  -c -o grgks.o grgks.f
f77 -u -OM  -c -o grcaxe.o grcaxe.f
f77 -u -OM  -c -o grccrv.o grccrv.f
f77 -u -OM  -c -o grclay.o grclay.f
f77 -u -OM  -c -o grcmeg.o grcmeg.f
f77 -u -OM  -c -o grcvar.o grcvar.f
f77 -u -OM  -c -o grmark.o grmark.f
f77 -u -OM  -c -o grsydg.o grsydg.f

 making ../../lib/graphlib.a
ar rv ../../lib/graphlib.a grcomn.o grutil.o grdata.o graxis.o grtext.o grgks.o grcaxe.o grccrv.o grclay.o grcmeg.o grcvar.o grmark.o grsydg.o
ar: creating ../../lib/graphlib.a
a - grcomn.o
a - grutil.o
a - grdata.o
a - graxis.o
a - grtext.o
a - grgks.o
a - grcaxe.o
a - grccrv.o
a - grclay.o
a - grcmeg.o
a - grcvar.o
a - grmark.o
a - grsydg.o

Done making all for graph (Prior) files are now up-to-date.

rm -f *.o ../../lib/hspnodsslib.a
Removed files generated by make.

f77 -fbounds-check  -c -o hdssx.o hdssx.f

 making ../../lib/hspnodsslib.a
ar rv ../../lib/hspnodsslib.a hdssx.o
ar: creating ../../lib/hspnodsslib.a
a - hdssx.o

Done making all for hspnodss, files are now up-to-date.

rm -f *.o ../../lib/newaqtlib.a
Removed files generated by make.

f77 -fbounds-check  -c -o agmap.o agmap.f
f77 -fbounds-check  -c -o damap.o damap.f
f77 -fbounds-check  -c -o grmap.o grmap.f
f77 -fbounds-check  -c -o utmap.o utmap.f
f77 -fbounds-check  -c -o wdmap.o wdmap.f
f77 -fbounds-check  -c -o utplot.o utplot.f
f77 -fbounds-check  -c -o prwplt.o prwplt.f
f77 -fbounds-check  -c -o wsgutl.o wsgutl.f
f77 -fbounds-check  -c -o ucirea.o ucirea.f
f77 -fbounds-check  -c -o uciwrt.o uciwrt.f
f77 -fbounds-check  -c -o ucimod.o ucimod.f
ucimod.f:293:33:

         CALL PUTGLO (START,ENDAT,OUTLVL,SPOUT,
                                 1
Warning: Rank mismatch in argument ‘outlev’ at (1) (scalar and rank-1)
f77 -fbounds-check  -c -o wsgsim.o wsgsim.f
f77 -fbounds-check  -c -o utdir.o utdir.f
f77 -fbounds-check  -c -o dspeci.o dspeci.f
f77 -fbounds-check  -c -o tsplot.o tsplot.f
f77 -fbounds-check  -c -o utclas.o utclas.f
f77 -fbounds-check  -c -o sgdate.o sgdate.f
f77 -fbounds-check  -c -o durani.o durani.f
f77 -fbounds-check  -c -o wsgsys.o wsgsys.f
f77 -fbounds-check  -c -o sglist.o sglist.f
f77 -fbounds-check  -c -o sgtabl.o sgtabl.f
f77 -fbounds-check  -c -o mapseg.o mapseg.f
f77 -fbounds-check  -c -o tsfreq.o tsfreq.f
f77 -fbounds-check  -c -o sturbn.o sturbn.f
f77 -fbounds-check  -c -o hget.o hget.f
f77 -fbounds-check  -c -o utwin.o utwin.f

 making ../../lib/newaqtlib.a
ar rv ../../lib/newaqtlib.a agmap.o damap.o grmap.o utmap.o wdmap.o utplot.o prwplt.o wsgutl.o ucirea.o uciwrt.o ucimod.o wsgsim.o utdir.o dspeci.o tsplot.o utclas.o sgdate.o durani.o wsgsys.o sglist.o sgtabl.o mapseg.o tsfreq.o sturbn.o hget.o utwin.o
ar: creating ../../lib/newaqtlib.a
a - agmap.o
a - damap.o
a - grmap.o
a - utmap.o
a - wdmap.o
a - utplot.o
a - prwplt.o
a - wsgutl.o
a - ucirea.o
a - uciwrt.o
a - ucimod.o
a - wsgsim.o
a - utdir.o
a - dspeci.o
a - tsplot.o
a - utclas.o
a - sgdate.o
a - durani.o
a - wsgsys.o
a - sglist.o
a - sgtabl.o
a - mapseg.o
a - tsfreq.o
a - sturbn.o
a - hget.o
a - utwin.o

Done making all for newaqt, files are now up-to-date.

rm -f *.o ../../lib/statslib.a
Removed files generated by make.

f77 -fbounds-check  -c -o utstat.o utstat.f
f77 -fbounds-check  -c -o utj407.o utj407.f
f77 -fbounds-check  -c -o stgaus.o stgaus.f

 making ../../lib/statslib.a
ar rv ../../lib/statslib.a utstat.o utj407.o stgaus.o
ar: creating ../../lib/statslib.a
a - utstat.o
a - utj407.o
a - stgaus.o

Done making all for stats, files are now up-to-date.

rm -f *.o ../../lib/waidelib.a
Removed files generated by make.

f77 -fbounds-check  -c -o agplot.o agplot.f
agplot.f:138:39:

               CALL PINSPC (MESSFL,SCLU,PTHNAM(2))
                                       1
Warning: Actual argument contains too few elements for dummy argument ‘wndnam’ (16/24) at (1)
f77 -fbounds-check  -c -o agterm.o agterm.f
f77 -fbounds-check  -c -o atinfo.o atinfo.f
f77 -fbounds-check  -c -o prwfil.o prwfil.f
f77 -fbounds-check  -c -o qtdate.o qtdate.f
f77 -fbounds-check  -c -o qtfils.o qtfils.f
f77 -fbounds-check  -c -o wdpeak.o wdpeak.f
f77 -fbounds-check  -c -o awfeb.o awfeb.f
awfeb.f:776:35:

      I                 SACOND,SAOR,DSNMIN,DSNMAX,TYPSTR,
                                   1
Warning: Rank mismatch in argument ‘dsnmin’ at (1) (scalar and rank-1)
awfeb.f:783:44:

      I                   MESSFL,SCLU,MAXDSN,DSNMIN,DSNMAX,
                                            1
Warning: Rank mismatch in argument ‘dsnmin’ at (1) (scalar and rank-1)
f77 -fbounds-check  -c -o wdsnad.o wdsnad.f
f77 -fbounds-check  -c -o agpltx.o agpltx.f
f77 -fbounds-check  -c -o tslist.o tslist.f
f77 -fbounds-check  -c -o tstabl.o tstabl.f
tstabl.f:174:37:

      M                 SIGDIG,DECIML,BAD,TITLE)
                                     1
Warning: Type mismatch in argument ‘bad’ at (1); passed REAL(4) to INTEGER(4)
f77 -fbounds-check  -c -o tslign.o tslign.f
f77 -fbounds-check  -c -o tslegn.o tslegn.f
tslegn.f:381:61:

      I                       WIDTH,NPOS,SGFD,DPLA,LORS,THRSH,DTFG)
                                                             1
Warning: Rank mismatch in argument ‘dtfg’ at (1) (scalar and rank-1)
tslegn.f:517:56:

      I                   WIDTH,J+1,SGFD,DPLA,LORS,THRSH,DTFG)
                                                        1
Warning: Rank mismatch in argument ‘dtfg’ at (1) (scalar and rank-1)

 making ../../lib/waidelib.a
ar rv ../../lib/waidelib.a agplot.o agterm.o atinfo.o prwfil.o qtdate.o qtfils.o wdpeak.o awfeb.o wdsnad.o agpltx.o tslist.o tstabl.o tslign.o tslegn.o
ar: creating ../../lib/waidelib.a
a - agplot.o
a - agterm.o
a - atinfo.o
a - prwfil.o
a - qtdate.o
a - qtfils.o
a - wdpeak.o
a - awfeb.o
a - wdsnad.o
a - agpltx.o
a - tslist.o
a - tstabl.o
a - tslign.o
a - tslegn.o

Done making all for waide, files are now up-to-date.

rm -f *.o ../../bin/wdimex
Removed files generated by make.

f77 -C -u -OM -I../adwdm    -c -o wdimex.o wdimex.f
f77 -C -u -OM -I../adwdm    -c -o wdimez.o wdimez.f
f77 wdimex.o wdimez.o ../../lib/wdmlib.a ../../lib/adwdmlib.a ../../lib/utillib.a -o ../../bin/wdimex

Done making all for wdimex, files are now up to date.

rm -f *.o ../../bin/wdmrx
Removed files generated by make.

f77 -C -u -OM      -c -o wdmrx.o wdmrx.f
f77 wdmrx.o ../../lib/wdmlib.a ../../lib/adwdmlib.a ../../lib/utillib.a -o ../../bin/wdmrx

Done making all for wdmrx, files are now up to date.

###############   COMPILE HSPF  ######
rm -f *.o ../bin/hspf_ICPRB
Removed files generated by make.

f77 -C -u -OM -I../../lib3.2/src/aide  -c -o hspfbat.o hspfbat.f
f77 -C -u -OM -I../../lib3.2/src/aide  -c -o hspsta.o hspsta.f
f77 hspfbat.o hspsta.o ../../lib3.2/lib/ICPRBhspflib.a  ../../lib3.2/lib/hspnodsslib.a ../../lib3.2/lib/ICPRBhspflib.a  ../../lib3.2/lib/wdmlib.a ../../lib3.2/lib/adwdmlib.a  ../../lib3.2/lib/utillib.a        -o ../bin/hspf_ICPRB

Done making all, files are now up to date.

#########   COMPILE WSM LIBRARY   #####
ttyux.c: In function ‘ttyput_’:
ttyux.c:91:4: warning: implicit declaration of function ‘write’ [-Wimplicit-function-declaration]
    write (1, str, (unsigned) len);
    ^
ttyux.c: In function ‘handlr’:
ttyux.c:215:4: warning: implicit declaration of function ‘exit’ [-Wimplicit-function-declaration]
    exit(1);
    ^
ttyux.c:215:4: warning: incompatible implicit declaration of built-in function ‘exit’
ttyux.c:215:4: note: include ‘<stdlib.h>’ or provide a declaration of ‘exit’
ar: creating ../util_lib.a
a - chars.o
a - columnorder.o
a - comment.o
a - csv.o
a - dates.o
a - findopen.o
a - stopreport.o
a - wdm.o
a - writeline.o
a - fchar.o
a - correl.o
a - interpolate.o
a - readcontrol.o
a - sort.o
a - fipstate.o
a - addvector.o
ar: creating ../get_lib.a
a - checkriver.o
a - getl2r.o
a - getrflags.o
a - getevap.o
a - getupstream.o
a - getallupstream.o
a - getconseg.o
a - getlutype.o
a - readseglist.o
a - getrsegs.o
a - getBMPcons.o
a - getvarfac.o
a - getl2rlist.o
a - getpsonlyl2r.o
###########  COMPILE WSM MODEL   ############
files.f:99:31:

               call stopit(fnam,'METEOROLOGY')
                               1
Warning: Character length of actual argument shorter than of dummy argument ‘tabnam’ (11/64) at (1)
files.f:113:31:

               call stopit(fnam,'PRECIP ATMOS DEPOSITION')
                               1
Warning: Character length of actual argument shorter than of dummy argument ‘tabnam’ (23/64) at (1)
files.f:122:42:

       if (.not.findprad) call stopit(fnam,'PRECIP ATMOS DEPOSITION')
                                          1
Warning: Character length of actual argument shorter than of dummy argument ‘tabnam’ (23/64) at (1)
files.f:123:41:

       if (.not.findmet) call stopit(fnam,'METEOROLOGY')
                                         1
Warning: Character length of actual argument shorter than of dummy argument ‘tabnam’ (11/64) at (1)
rfiles.f:111:31:

               call stopit(fnam,'METEOROLOGY')
                               1
Warning: Character length of actual argument shorter than of dummy argument ‘tabnam’ (11/64) at (1)
rfiles.f:124:31:

               call stopit(fnam,'PRECIP ATMOS DEPOSITION')
                               1
Warning: Character length of actual argument shorter than of dummy argument ‘tabnam’ (23/64) at (1)
rfiles.f:133:42:

       if (.not.findprad) call stopit(fnam,'PRECIP ATMOS DEPOSITION')
                                          1
Warning: Character length of actual argument shorter than of dummy argument ‘tabnam’ (23/64) at (1)
rfiles.f:134:41:

       if (.not.findmet) call stopit(fnam,'METEOROLOGY')
                                         1
Warning: Character length of actual argument shorter than of dummy argument ‘tabnam’ (11/64) at (1)
randomeffect.f:98:68:

                 DailyIndEff(j,nb,nBmp) = min(DailyIndEff(j,nb,nBmp),1)
                                                                    1
Error: ‘a2’ argument of ‘min’ intrinsic at (1) must be REAL(4)
f77: error: randomeffect.o: No such file or directory
#############  DATA_IMPORT  #########
main_summarize_temp_for_uptake_curve.f:19:23:

       data AccTempAve / (12*31)*0.0 /
                       1
Error: Syntax error in DATA statement at (1)
main_summarize_temp_for_uptake_curve.f:20:25:

       data TempAveCount / (12*31)*0 /
                         1
Error: Syntax error in DATA statement at (1)
f77: error: main_summarize_temp_for_uptake_curve.o: No such file or directory
############  POSTUTILS  #########
readInAveann.f:14:24:

       character*(*) type  ! eos,eof,del
                        1
Error: Entity with assumed character length at (1) must be a dummy argument or a PARAMETER
f77: error: readInAveann.o: No such file or directory
readInAveann.f:14:24:

       character*(*) type  ! eos,eof,del
                        1
Error: Entity with assumed character length at (1) must be a dummy argument or a PARAMETER
f77: error: readInAveann.o: No such file or directory
readDATannual.f:19:22:

       character*(*) lu   ! land use name
                      1
Error: Entity with assumed character length at (1) must be a dummy argument or a PARAMETER
readDATmonthly.f:19:22:

       character*(*) lu   ! land use name
                      1
Error: Entity with assumed character length at (1) must be a dummy argument or a PARAMETER
readPSSEPaveann.f:19:22:

       character*(*) lu   ! land use name
                      1
Error: Entity with assumed character length at (1) must be a dummy argument or a PARAMETER
f77: error: readPSSEPaveann.o: No such file or directory
f77: error: readDATmonthly.o: No such file or directory
f77: error: readDATannual.o: No such file or directory
############  RIVER  #########
r - checkflow.o
r - WDMinfo.o
r - WDMinfoIN.o
readcontrolkey.f:75:42:

       if (.not.findtime) call stopit(fnam,'TIME')
                                          1
Warning: Character length of actual argument shorter than of dummy argument ‘tabnam’ (4/64) at (1)
############  wqm_loads  #########
g77: Command not found.
f77: error: getriverfactor.o: No such file or directory
f77: error: getriverfactor.o: No such file or directory
r - getriver.o
r - getvars.o
r - getwateracres.o
r - masslink.o
r - readcontrol_twdm.o
r - readdailydat.o
r - readpair.o
r - readriver.o
r - riverbay.o
r - Rmasslink.o
r - readriverY1Y2.o
r - readdailydatY1Y2.o
r - readpairY1Y2.o
r - getwateracres_mb.o
r - readdailydat_mb.o
r - readpair_mb.o
################   CALIB_INTER    ###########
r - findcolumn.o
r - getcolumns.o
r - getsimEOF.o
r - gettarget.o
r - ioparvar.o
ar: creating calib_iter_PQUAL.a
a - findcolumn.o
a - getcolumns.o
a - getsimEOF.o
a - gettarget.o
a - ioparvar.o
f77: warning: ../../../../lib/get_lib.a: linker input file unused because linking not done
f77: warning: ../../../../lib/util_lib.a: linker input file unused because linking not done
r - findcolumn.o
r - allcolumns.o
r - ioparvar.o
r - minmax.o
r - getall.o
r - getlufacs.o
r - zipall.o
r - printall.o
r - findcolumn.o
r - allcolumns.o
r - ioparvar.o
r - minmax.o
r - getall.o
r - getlufacs.o
r - zipall.o
r - printall.o
r - ../../../../lib/get_lib.a
r - ../../../../lib/util_lib.a
r - findcolumn.o
r - allcolumns.o
r - ioparvar.o
r - getall.o
r - getrivfacs.o
r - zipall.o
r - ../../../../lib/get_lib.a
r - ../../../../lib/util_lib.a
############  COMPILE CALIBRATION  ############
a_priori_irc
basingen
copy_phase4_segs
divide_rseg_by_stream_order
EOF_to_EOS_factors
sumout/sumout.a(main_rseg.o): In function `geteosload_':
main_rseg.f:(.text+0x215): undefined reference to `s_rnge'
main_rseg.f:(.text+0x2b3): undefined reference to `s_rnge'
main_rseg.f:(.text+0x369): undefined reference to `s_rnge'
main_rseg.f:(.text+0x45c): undefined reference to `s_rnge'
main_rseg.f:(.text+0x4ae): undefined reference to `s_rnge'
sumout/sumout.a(main_rseg.o):main_rseg.f:(.text+0x536): more undefined references to `s_rnge' follow
sumout/sumout.a(main_rseg.o): In function `geteosload_':
main_rseg.f:(.text+0x853): undefined reference to `s_cmp'
main_rseg.f:(.text+0x8cc): undefined reference to `s_rnge'
main_rseg.f:(.text+0x940): undefined reference to `s_rnge'
main_rseg.f:(.text+0x9bb): undefined reference to `s_rnge'
main_rseg.f:(.text+0xac9): undefined reference to `s_rnge'
main_rseg.f:(.text+0xb1b): undefined reference to `s_rnge'
sumout/sumout.a(main_rseg.o):main_rseg.f:(.text+0xbaa): more undefined references to `s_rnge' follow
sumout/sumout.a(main_rseg.o): In function `geteosload_':
main_rseg.f:(.text+0x19e7): undefined reference to `s_wsle'
main_rseg.f:(.text+0x1a05): undefined reference to `do_lio'
main_rseg.f:(.text+0x1a0f): undefined reference to `e_wsle'
sumout/sumout.a(readPSaveann.o): In function `readpsaveann_':
readPSaveann.f:(.text+0x1ee): undefined reference to `s_wsfi'
readPSaveann.f:(.text+0x206): undefined reference to `do_fio'
readPSaveann.f:(.text+0x210): undefined reference to `e_wsfi'
readPSaveann.f:(.text+0x22d): undefined reference to `s_wsfi'
readPSaveann.f:(.text+0x245): undefined reference to `do_fio'
readPSaveann.f:(.text+0x24f): undefined reference to `e_wsfi'
readPSaveann.f:(.text+0x2d7): undefined reference to `s_rnge'
readPSaveann.f:(.text+0x38d): undefined reference to `s_rnge'
readPSaveann.f:(.text+0x3e7): undefined reference to `s_rnge'
readPSaveann.f:(.text+0x446): undefined reference to `s_rnge'
readPSaveann.f:(.text+0x4a0): undefined reference to `s_rnge'
readPSaveann.f:(.text+0x575): undefined reference to `s_cat'
readPSaveann.f:(.text+0x590): undefined reference to `s_cmp'
readPSaveann.f:(.text+0x60e): undefined reference to `s_rnge'
readPSaveann.f:(.text+0x668): undefined reference to `s_rnge'
readPSaveann.f:(.text+0x6c7): undefined reference to `s_rnge'
readPSaveann.f:(.text+0x721): undefined reference to `s_rnge'
readPSaveann.f:(.text+0x7f6): undefined reference to `s_cat'
readPSaveann.f:(.text+0x813): undefined reference to `f_open'
readPSaveann.f:(.text+0x836): undefined reference to `s_rsfe'
readPSaveann.f:(.text+0x862): undefined reference to `do_fio'
readPSaveann.f:(.text+0x87d): undefined reference to `e_rsfe'
readPSaveann.f:(.text+0x8bf): undefined reference to `s_cmp'
readPSaveann.f:(.text+0x944): undefined reference to `s_rnge'
readPSaveann.f:(.text+0x978): undefined reference to `s_rsfe'
readPSaveann.f:(.text+0x9a4): undefined reference to `do_fio'
readPSaveann.f:(.text+0x9bf): undefined reference to `e_rsfe'
readPSaveann.f:(.text+0xa64): undefined reference to `s_rnge'
readPSaveann.f:(.text+0xae6): undefined reference to `s_rsli'
readPSaveann.f:(.text+0xb17): undefined reference to `do_lio'
readPSaveann.f:(.text+0xb32): undefined reference to `e_rsli'
readPSaveann.f:(.text+0xbf2): undefined reference to `s_rnge'
readPSaveann.f:(.text+0xc14): undefined reference to `s_cmp'
readPSaveann.f:(.text+0xc39): undefined reference to `s_rsli'
readPSaveann.f:(.text+0xcc5): undefined reference to `s_rnge'
readPSaveann.f:(.text+0xce5): undefined reference to `do_lio'
readPSaveann.f:(.text+0xd00): undefined reference to `e_rsli'
readPSaveann.f:(.text+0xd76): undefined reference to `s_rnge'
readPSaveann.f:(.text+0xe37): undefined reference to `s_rnge'
readPSaveann.f:(.text+0xe72): undefined reference to `f_clos'
readPSaveann.f:(.text+0xefa): undefined reference to `s_rnge'
readPSaveann.f:(.text+0xf6f): undefined reference to `s_rnge'
readPSaveann.f:(.text+0xfd9): undefined reference to `s_rnge'
readPSaveann.f:(.text+0x10b2): undefined reference to `s_rnge'
readPSaveann.f:(.text+0x110c): undefined reference to `s_rnge'
sumout/sumout.a(readPSaveann.o):readPSaveann.f:(.text+0x116b): more undefined references to `s_rnge' follow
sumout/sumout.a(readPSaveann.o): In function `readpsaveann_':
readPSaveann.f:(.text+0x129a): undefined reference to `s_cat'
readPSaveann.f:(.text+0x12b5): undefined reference to `s_cmp'
readPSaveann.f:(.text+0x1333): undefined reference to `s_rnge'
readPSaveann.f:(.text+0x138d): undefined reference to `s_rnge'
readPSaveann.f:(.text+0x13ec): undefined reference to `s_rnge'
readPSaveann.f:(.text+0x1446): undefined reference to `s_rnge'
readPSaveann.f:(.text+0x151b): undefined reference to `s_cat'
readPSaveann.f:(.text+0x1538): undefined reference to `f_open'
readPSaveann.f:(.text+0x155b): undefined reference to `s_rsfe'
readPSaveann.f:(.text+0x1587): undefined reference to `do_fio'
readPSaveann.f:(.text+0x15a2): undefined reference to `e_rsfe'
readPSaveann.f:(.text+0x15e4): undefined reference to `s_cmp'
readPSaveann.f:(.text+0x1669): undefined reference to `s_rnge'
readPSaveann.f:(.text+0x169d): undefined reference to `s_rsfe'
readPSaveann.f:(.text+0x16c9): undefined reference to `do_fio'
readPSaveann.f:(.text+0x16e4): undefined reference to `e_rsfe'
readPSaveann.f:(.text+0x1789): undefined reference to `s_rnge'
readPSaveann.f:(.text+0x180b): undefined reference to `s_rsli'
readPSaveann.f:(.text+0x183c): undefined reference to `do_lio'
readPSaveann.f:(.text+0x1857): undefined reference to `e_rsli'
readPSaveann.f:(.text+0x1917): undefined reference to `s_rnge'
readPSaveann.f:(.text+0x1939): undefined reference to `s_cmp'
readPSaveann.f:(.text+0x195e): undefined reference to `s_rsli'
readPSaveann.f:(.text+0x19ea): undefined reference to `s_rnge'
readPSaveann.f:(.text+0x1a0a): undefined reference to `do_lio'
readPSaveann.f:(.text+0x1a25): undefined reference to `e_rsli'
readPSaveann.f:(.text+0x1a9b): undefined reference to `s_rnge'
readPSaveann.f:(.text+0x1b5c): undefined reference to `s_rnge'
readPSaveann.f:(.text+0x1b97): undefined reference to `f_clos'
readPSaveann.f:(.text+0x1c1f): undefined reference to `s_rnge'
readPSaveann.f:(.text+0x1c94): undefined reference to `s_rnge'
readPSaveann.f:(.text+0x1cfe): undefined reference to `s_rnge'
readPSaveann.f:(.text+0x1dd7): undefined reference to `s_rnge'
readPSaveann.f:(.text+0x1e31): undefined reference to `s_rnge'
sumout/sumout.a(readPSaveann.o):readPSaveann.f:(.text+0x1e90): more undefined references to `s_rnge' follow
sumout/sumout.a(readPSaveann.o): In function `readpsaveann_':
readPSaveann.f:(.text+0x1fbf): undefined reference to `s_cat'
readPSaveann.f:(.text+0x1fda): undefined reference to `s_cmp'
readPSaveann.f:(.text+0x2058): undefined reference to `s_rnge'
readPSaveann.f:(.text+0x20b2): undefined reference to `s_rnge'
readPSaveann.f:(.text+0x2111): undefined reference to `s_rnge'
readPSaveann.f:(.text+0x216b): undefined reference to `s_rnge'
readPSaveann.f:(.text+0x2240): undefined reference to `s_cat'
readPSaveann.f:(.text+0x225d): undefined reference to `f_open'
readPSaveann.f:(.text+0x2280): undefined reference to `s_rsfe'
readPSaveann.f:(.text+0x22ac): undefined reference to `do_fio'
readPSaveann.f:(.text+0x22c7): undefined reference to `e_rsfe'
readPSaveann.f:(.text+0x2309): undefined reference to `s_cmp'
readPSaveann.f:(.text+0x238e): undefined reference to `s_rnge'
readPSaveann.f:(.text+0x23c2): undefined reference to `s_rsfe'
readPSaveann.f:(.text+0x23ee): undefined reference to `do_fio'
readPSaveann.f:(.text+0x2409): undefined reference to `e_rsfe'
readPSaveann.f:(.text+0x24ae): undefined reference to `s_rnge'
readPSaveann.f:(.text+0x2530): undefined reference to `s_rsli'
readPSaveann.f:(.text+0x2561): undefined reference to `do_lio'
readPSaveann.f:(.text+0x257c): undefined reference to `e_rsli'
readPSaveann.f:(.text+0x263c): undefined reference to `s_rnge'
readPSaveann.f:(.text+0x265e): undefined reference to `s_cmp'
readPSaveann.f:(.text+0x2683): undefined reference to `s_rsli'
readPSaveann.f:(.text+0x270f): undefined reference to `s_rnge'
readPSaveann.f:(.text+0x272f): undefined reference to `do_lio'
readPSaveann.f:(.text+0x274a): undefined reference to `e_rsli'
readPSaveann.f:(.text+0x27c0): undefined reference to `s_rnge'
readPSaveann.f:(.text+0x2881): undefined reference to `s_rnge'
readPSaveann.f:(.text+0x28bc): undefined reference to `f_clos'
readPSaveann.f:(.text+0x2944): undefined reference to `s_rnge'
readPSaveann.f:(.text+0x29b9): undefined reference to `s_rnge'
readPSaveann.f:(.text+0x2a23): undefined reference to `s_rnge'
readPSaveann.f:(.text+0x2a86): undefined reference to `s_wsle'
readPSaveann.f:(.text+0x2aa6): undefined reference to `do_lio'
readPSaveann.f:(.text+0x2ab0): undefined reference to `e_wsle'
readPSaveann.f:(.text+0x2ad0): undefined reference to `s_copy'
readPSaveann.f:(.text+0x2af6): undefined reference to `s_copy'
readPSaveann.f:(.text+0x2b1d): undefined reference to `s_copy'
readPSaveann.f:(.text+0x2b42): undefined reference to `s_copy'
readPSaveann.f:(.text+0x2b68): undefined reference to `s_copy'
sumout/sumout.a(readPSaveann.o):readPSaveann.f:(.text+0x2b8f): more undefined references to `s_copy' follow
sumout/sumout.a(readDATaveann.o): In function `readdataveann_':
readDATaveann.f:(.text+0x1c8): undefined reference to `s_wsfi'
readDATaveann.f:(.text+0x1e0): undefined reference to `do_fio'
readDATaveann.f:(.text+0x1ea): undefined reference to `e_wsfi'
readDATaveann.f:(.text+0x207): undefined reference to `s_wsfi'
readDATaveann.f:(.text+0x21f): undefined reference to `do_fio'
readDATaveann.f:(.text+0x229): undefined reference to `e_wsfi'
readDATaveann.f:(.text+0x2b1): undefined reference to `s_rnge'
readDATaveann.f:(.text+0x367): undefined reference to `s_rnge'
readDATaveann.f:(.text+0x3c1): undefined reference to `s_rnge'
readDATaveann.f:(.text+0x420): undefined reference to `s_rnge'
readDATaveann.f:(.text+0x47a): undefined reference to `s_rnge'
readDATaveann.f:(.text+0x54f): undefined reference to `s_cat'
readDATaveann.f:(.text+0x56a): undefined reference to `s_cmp'
readDATaveann.f:(.text+0x5e8): undefined reference to `s_rnge'
readDATaveann.f:(.text+0x642): undefined reference to `s_rnge'
readDATaveann.f:(.text+0x6a1): undefined reference to `s_rnge'
readDATaveann.f:(.text+0x6fb): undefined reference to `s_rnge'
readDATaveann.f:(.text+0x7d0): undefined reference to `s_cat'
readDATaveann.f:(.text+0x7ed): undefined reference to `f_open'
readDATaveann.f:(.text+0x810): undefined reference to `s_rsfe'
readDATaveann.f:(.text+0x83c): undefined reference to `do_fio'
readDATaveann.f:(.text+0x857): undefined reference to `e_rsfe'
readDATaveann.f:(.text+0x899): undefined reference to `s_cmp'
readDATaveann.f:(.text+0x91e): undefined reference to `s_rnge'
readDATaveann.f:(.text+0x952): undefined reference to `s_rsfe'
readDATaveann.f:(.text+0x97e): undefined reference to `do_fio'
readDATaveann.f:(.text+0x999): undefined reference to `e_rsfe'
readDATaveann.f:(.text+0xa3e): undefined reference to `s_rnge'
readDATaveann.f:(.text+0xac0): undefined reference to `s_rsli'
readDATaveann.f:(.text+0xaf1): undefined reference to `do_lio'
readDATaveann.f:(.text+0xb0c): undefined reference to `e_rsli'
readDATaveann.f:(.text+0xbcc): undefined reference to `s_rnge'
readDATaveann.f:(.text+0xbee): undefined reference to `s_cmp'
readDATaveann.f:(.text+0xc13): undefined reference to `s_rsli'
readDATaveann.f:(.text+0xc9f): undefined reference to `s_rnge'
readDATaveann.f:(.text+0xcbf): undefined reference to `do_lio'
readDATaveann.f:(.text+0xcda): undefined reference to `e_rsli'
readDATaveann.f:(.text+0xd50): undefined reference to `s_rnge'
readDATaveann.f:(.text+0xe11): undefined reference to `s_rnge'
readDATaveann.f:(.text+0xe4c): undefined reference to `f_clos'
readDATaveann.f:(.text+0xed4): undefined reference to `s_rnge'
readDATaveann.f:(.text+0xf49): undefined reference to `s_rnge'
readDATaveann.f:(.text+0xfb3): undefined reference to `s_rnge'
readDATaveann.f:(.text+0x108c): undefined reference to `s_rnge'
readDATaveann.f:(.text+0x10e6): undefined reference to `s_rnge'
sumout/sumout.a(readDATaveann.o):readDATaveann.f:(.text+0x1145): more undefined references to `s_rnge' follow
sumout/sumout.a(readDATaveann.o): In function `readdataveann_':
readDATaveann.f:(.text+0x1274): undefined reference to `s_cat'
readDATaveann.f:(.text+0x128f): undefined reference to `s_cmp'
readDATaveann.f:(.text+0x130d): undefined reference to `s_rnge'
readDATaveann.f:(.text+0x1367): undefined reference to `s_rnge'
readDATaveann.f:(.text+0x13c6): undefined reference to `s_rnge'
readDATaveann.f:(.text+0x1420): undefined reference to `s_rnge'
readDATaveann.f:(.text+0x14f5): undefined reference to `s_cat'
readDATaveann.f:(.text+0x1512): undefined reference to `f_open'
readDATaveann.f:(.text+0x1535): undefined reference to `s_rsfe'
readDATaveann.f:(.text+0x1561): undefined reference to `do_fio'
readDATaveann.f:(.text+0x157c): undefined reference to `e_rsfe'
readDATaveann.f:(.text+0x15be): undefined reference to `s_cmp'
readDATaveann.f:(.text+0x1643): undefined reference to `s_rnge'
readDATaveann.f:(.text+0x1677): undefined reference to `s_rsfe'
readDATaveann.f:(.text+0x16a3): undefined reference to `do_fio'
readDATaveann.f:(.text+0x16be): undefined reference to `e_rsfe'
readDATaveann.f:(.text+0x1763): undefined reference to `s_rnge'
readDATaveann.f:(.text+0x17e5): undefined reference to `s_rsli'
readDATaveann.f:(.text+0x1816): undefined reference to `do_lio'
readDATaveann.f:(.text+0x1831): undefined reference to `e_rsli'
readDATaveann.f:(.text+0x18f1): undefined reference to `s_rnge'
readDATaveann.f:(.text+0x1913): undefined reference to `s_cmp'
readDATaveann.f:(.text+0x1938): undefined reference to `s_rsli'
readDATaveann.f:(.text+0x19c4): undefined reference to `s_rnge'
readDATaveann.f:(.text+0x19e4): undefined reference to `do_lio'
readDATaveann.f:(.text+0x19ff): undefined reference to `e_rsli'
readDATaveann.f:(.text+0x1a75): undefined reference to `s_rnge'
readDATaveann.f:(.text+0x1b36): undefined reference to `s_rnge'
readDATaveann.f:(.text+0x1b71): undefined reference to `f_clos'
readDATaveann.f:(.text+0x1bf9): undefined reference to `s_rnge'
readDATaveann.f:(.text+0x1c6e): undefined reference to `s_rnge'
readDATaveann.f:(.text+0x1cd8): undefined reference to `s_rnge'
readDATaveann.f:(.text+0x1db1): undefined reference to `s_rnge'
readDATaveann.f:(.text+0x1e0b): undefined reference to `s_rnge'
sumout/sumout.a(readDATaveann.o):readDATaveann.f:(.text+0x1e6a): more undefined references to `s_rnge' follow
sumout/sumout.a(readDATaveann.o): In function `readdataveann_':
readDATaveann.f:(.text+0x1f99): undefined reference to `s_cat'
readDATaveann.f:(.text+0x1fb4): undefined reference to `s_cmp'
readDATaveann.f:(.text+0x2032): undefined reference to `s_rnge'
readDATaveann.f:(.text+0x208c): undefined reference to `s_rnge'
readDATaveann.f:(.text+0x20eb): undefined reference to `s_rnge'
readDATaveann.f:(.text+0x2145): undefined reference to `s_rnge'
readDATaveann.f:(.text+0x221a): undefined reference to `s_cat'
readDATaveann.f:(.text+0x2237): undefined reference to `f_open'
readDATaveann.f:(.text+0x225a): undefined reference to `s_rsfe'
readDATaveann.f:(.text+0x2286): undefined reference to `do_fio'
readDATaveann.f:(.text+0x22a1): undefined reference to `e_rsfe'
readDATaveann.f:(.text+0x22e3): undefined reference to `s_cmp'
readDATaveann.f:(.text+0x2368): undefined reference to `s_rnge'
readDATaveann.f:(.text+0x239c): undefined reference to `s_rsfe'
readDATaveann.f:(.text+0x23c8): undefined reference to `do_fio'
readDATaveann.f:(.text+0x23e3): undefined reference to `e_rsfe'
readDATaveann.f:(.text+0x2488): undefined reference to `s_rnge'
readDATaveann.f:(.text+0x250a): undefined reference to `s_rsli'
readDATaveann.f:(.text+0x253b): undefined reference to `do_lio'
readDATaveann.f:(.text+0x2556): undefined reference to `e_rsli'
readDATaveann.f:(.text+0x2616): undefined reference to `s_rnge'
readDATaveann.f:(.text+0x2638): undefined reference to `s_cmp'
readDATaveann.f:(.text+0x265d): undefined reference to `s_rsli'
readDATaveann.f:(.text+0x26e9): undefined reference to `s_rnge'
readDATaveann.f:(.text+0x2709): undefined reference to `do_lio'
readDATaveann.f:(.text+0x2724): undefined reference to `e_rsli'
readDATaveann.f:(.text+0x279a): undefined reference to `s_rnge'
readDATaveann.f:(.text+0x285b): undefined reference to `s_rnge'
readDATaveann.f:(.text+0x2896): undefined reference to `f_clos'
readDATaveann.f:(.text+0x291e): undefined reference to `s_rnge'
readDATaveann.f:(.text+0x2993): undefined reference to `s_rnge'
readDATaveann.f:(.text+0x29fd): undefined reference to `s_rnge'
readDATaveann.f:(.text+0x2abb): undefined reference to `s_rnge'
readDATaveann.f:(.text+0x2b1a): undefined reference to `s_rnge'
sumout/sumout.a(readDATaveann.o):readDATaveann.f:(.text+0x2b74): more undefined references to `s_rnge' follow
sumout/sumout.a(readDATaveann.o): In function `readdataveann_':
readDATaveann.f:(.text+0x2c33): undefined reference to `s_cat'
readDATaveann.f:(.text+0x2c4e): undefined reference to `s_cmp'
readDATaveann.f:(.text+0x2ccc): undefined reference to `s_rnge'
readDATaveann.f:(.text+0x2d2b): undefined reference to `s_rnge'
readDATaveann.f:(.text+0x2d85): undefined reference to `s_rnge'
readDATaveann.f:(.text+0x2e44): undefined reference to `s_cat'
readDATaveann.f:(.text+0x2e61): undefined reference to `f_open'
readDATaveann.f:(.text+0x2e84): undefined reference to `s_rsfe'
readDATaveann.f:(.text+0x2eb0): undefined reference to `do_fio'
readDATaveann.f:(.text+0x2ecb): undefined reference to `e_rsfe'
readDATaveann.f:(.text+0x2f0d): undefined reference to `s_cmp'
readDATaveann.f:(.text+0x2f9d): undefined reference to `s_rnge'
readDATaveann.f:(.text+0x2fd1): undefined reference to `s_rsfe'
readDATaveann.f:(.text+0x2ffd): undefined reference to `do_fio'
readDATaveann.f:(.text+0x3018): undefined reference to `e_rsfe'
readDATaveann.f:(.text+0x30bd): undefined reference to `s_rnge'
readDATaveann.f:(.text+0x313f): undefined reference to `s_rsli'
readDATaveann.f:(.text+0x3170): undefined reference to `do_lio'
readDATaveann.f:(.text+0x318b): undefined reference to `e_rsli'
readDATaveann.f:(.text+0x324b): undefined reference to `s_rnge'
readDATaveann.f:(.text+0x326d): undefined reference to `s_cmp'
readDATaveann.f:(.text+0x3292): undefined reference to `s_rsli'
readDATaveann.f:(.text+0x331b): undefined reference to `s_rnge'
readDATaveann.f:(.text+0x333b): undefined reference to `do_lio'
readDATaveann.f:(.text+0x3356): undefined reference to `e_rsli'
readDATaveann.f:(.text+0x33cc): undefined reference to `s_rnge'
readDATaveann.f:(.text+0x348d): undefined reference to `s_rnge'
readDATaveann.f:(.text+0x34c8): undefined reference to `f_clos'
readDATaveann.f:(.text+0x353e): undefined reference to `s_rnge'
readDATaveann.f:(.text+0x359d): undefined reference to `s_rnge'
readDATaveann.f:(.text+0x35f7): undefined reference to `s_rnge'
readDATaveann.f:(.text+0x36b6): undefined reference to `s_cat'
readDATaveann.f:(.text+0x36d1): undefined reference to `s_cmp'
readDATaveann.f:(.text+0x374f): undefined reference to `s_rnge'
readDATaveann.f:(.text+0x37ae): undefined reference to `s_rnge'
readDATaveann.f:(.text+0x3808): undefined reference to `s_rnge'
readDATaveann.f:(.text+0x38c7): undefined reference to `s_cat'
readDATaveann.f:(.text+0x38e4): undefined reference to `f_open'
readDATaveann.f:(.text+0x3907): undefined reference to `s_rsfe'
readDATaveann.f:(.text+0x3933): undefined reference to `do_fio'
readDATaveann.f:(.text+0x394e): undefined reference to `e_rsfe'
readDATaveann.f:(.text+0x3990): undefined reference to `s_cmp'
readDATaveann.f:(.text+0x3a20): undefined reference to `s_rnge'
readDATaveann.f:(.text+0x3a54): undefined reference to `s_rsfe'
readDATaveann.f:(.text+0x3a80): undefined reference to `do_fio'
readDATaveann.f:(.text+0x3a9b): undefined reference to `e_rsfe'
readDATaveann.f:(.text+0x3b40): undefined reference to `s_rnge'
readDATaveann.f:(.text+0x3bc2): undefined reference to `s_rsli'
readDATaveann.f:(.text+0x3bf3): undefined reference to `do_lio'
readDATaveann.f:(.text+0x3c0e): undefined reference to `e_rsli'
readDATaveann.f:(.text+0x3cce): undefined reference to `s_rnge'
readDATaveann.f:(.text+0x3cf0): undefined reference to `s_cmp'
readDATaveann.f:(.text+0x3d15): undefined reference to `s_rsli'
readDATaveann.f:(.text+0x3d9e): undefined reference to `s_rnge'
readDATaveann.f:(.text+0x3dbe): undefined reference to `do_lio'
readDATaveann.f:(.text+0x3dd9): undefined reference to `e_rsli'
readDATaveann.f:(.text+0x3e4f): undefined reference to `s_rnge'
readDATaveann.f:(.text+0x3f10): undefined reference to `s_rnge'
readDATaveann.f:(.text+0x3f4b): undefined reference to `f_clos'
readDATaveann.f:(.text+0x3f66): undefined reference to `s_wsle'
readDATaveann.f:(.text+0x3f86): undefined reference to `do_lio'
readDATaveann.f:(.text+0x3f90): undefined reference to `e_wsle'
readDATaveann.f:(.text+0x3fb0): undefined reference to `s_copy'
readDATaveann.f:(.text+0x3fd6): undefined reference to `s_copy'
readDATaveann.f:(.text+0x3ffd): undefined reference to `s_copy'
readDATaveann.f:(.text+0x4022): undefined reference to `s_copy'
readDATaveann.f:(.text+0x4048): undefined reference to `s_copy'
sumout/sumout.a(readDATaveann.o):readDATaveann.f:(.text+0x406f): more undefined references to `s_copy' follow
sumout/sumout.a(readEOaveann.o): In function `readeoaveann_':
readEOaveann.f:(.text+0xf0): undefined reference to `s_wsfi'
readEOaveann.f:(.text+0x108): undefined reference to `do_fio'
readEOaveann.f:(.text+0x112): undefined reference to `e_wsfi'
readEOaveann.f:(.text+0x12f): undefined reference to `s_wsfi'
readEOaveann.f:(.text+0x147): undefined reference to `do_fio'
readEOaveann.f:(.text+0x151): undefined reference to `e_wsfi'
readEOaveann.f:(.text+0x1da): undefined reference to `s_rnge'
readEOaveann.f:(.text+0x239): undefined reference to `s_rnge'
readEOaveann.f:(.text+0x293): undefined reference to `s_rnge'
readEOaveann.f:(.text+0x391): undefined reference to `s_cat'
readEOaveann.f:(.text+0x3ac): undefined reference to `s_cmp'
readEOaveann.f:(.text+0x43d): undefined reference to `s_rnge'
readEOaveann.f:(.text+0x49c): undefined reference to `s_rnge'
readEOaveann.f:(.text+0x4f6): undefined reference to `s_rnge'
readEOaveann.f:(.text+0x5cb): undefined reference to `s_cat'
readEOaveann.f:(.text+0x5e8): undefined reference to `f_open'
readEOaveann.f:(.text+0x60b): undefined reference to `s_rsfe'
readEOaveann.f:(.text+0x637): undefined reference to `do_fio'
readEOaveann.f:(.text+0x652): undefined reference to `e_rsfe'
readEOaveann.f:(.text+0x694): undefined reference to `s_cmp'
readEOaveann.f:(.text+0x724): undefined reference to `s_rnge'
readEOaveann.f:(.text+0x758): undefined reference to `f_clos'
readEOaveann.f:(.text+0x773): undefined reference to `s_rsfe'
readEOaveann.f:(.text+0x79f): undefined reference to `do_fio'
readEOaveann.f:(.text+0x7ba): undefined reference to `e_rsfe'
readEOaveann.f:(.text+0x85f): undefined reference to `s_rnge'
readEOaveann.f:(.text+0x8e1): undefined reference to `s_rsli'
readEOaveann.f:(.text+0x912): undefined reference to `do_lio'
readEOaveann.f:(.text+0x92d): undefined reference to `e_rsli'
readEOaveann.f:(.text+0x9ed): undefined reference to `s_rnge'
readEOaveann.f:(.text+0xa0f): undefined reference to `s_cmp'
readEOaveann.f:(.text+0xa34): undefined reference to `s_rsli'
readEOaveann.f:(.text+0xabd): undefined reference to `s_rnge'
readEOaveann.f:(.text+0xadd): undefined reference to `do_lio'
readEOaveann.f:(.text+0xaf8): undefined reference to `e_rsli'
readEOaveann.f:(.text+0xb6e): undefined reference to `s_rnge'
readEOaveann.f:(.text+0xc2f): undefined reference to `s_rnge'
readEOaveann.f:(.text+0xc6a): undefined reference to `f_clos'
readEOaveann.f:(.text+0xc85): undefined reference to `s_wsle'
readEOaveann.f:(.text+0xca5): undefined reference to `do_lio'
readEOaveann.f:(.text+0xcaf): undefined reference to `e_wsle'
readEOaveann.f:(.text+0xccf): undefined reference to `s_copy'
readEOaveann.f:(.text+0xcf5): undefined reference to `s_copy'
readEOaveann.f:(.text+0xd1c): undefined reference to `s_copy'
readEOaveann.f:(.text+0xd41): undefined reference to `s_copy'
readEOaveann.f:(.text+0xd67): undefined reference to `s_copy'
sumout/sumout.a(readEOaveann.o):readEOaveann.f:(.text+0xd8e): more undefined references to `s_copy' follow
collect2: error: ld returned 1 exit status
get1parameter
get_pltgen_percentiles
get_total_watershed_size_for_part
make_calib_seglist
make_calib_site_list
make_first_order_calib_list
make_incremental_calib_list
make_WQ_incremental_calib_list
postproc_for_censored_data
read_dot_out_file
reverse_seglist
riverinfo
split_seglists
#############   COMPILATION COMPLETED   #########
