
 parm__.seq version: parmux.seq
 building wdm files: hspf


 building the generic hspf message file hspfmsg.wdm

 Enter name of WDM file: 
 Could not open file.  Create it, Retry, or Quit (C,R,Q)?

 Successful creation of WDM file hspfmsg.wdm                                                     

 Do you want to put attributes on this WDM file? (Y,N)
 Enter path name for the directory containing the attribute sequential files:


 Importing attribute file adwdm/attr001.seq                                               
 General information from the IMPORT file:
 DATE
 WDMSFL
 SYSTEM
 COMMENT
   test export
 END COMMENT

 Importing DSN/CLU number     5.
 *** Problems with import, return code: -151
     review file "error.fil" for details

 Import of DSN/CLUs complete.

 Importing attribute file adwdm/attr051.seq                                               
 General information from the IMPORT file:
 DATE
 WDMSFL
 SYSTEM
 COMMENT
   attributes 51 - 100
 END COMMENT

 Importing DSN/CLU number     6.
 DSN/CLU data import complete - no problems.

 Import of DSN/CLUs complete.

 Importing attribute file adwdm/attr101.seq                                               
 General information from the IMPORT file:
 DATE
 WDMSFL
 SYSTEM
 COMMENT
   attributes 101 - 150
 END COMMENT

 Importing DSN/CLU number     7.
 DSN/CLU data import complete - no problems.

 Import of DSN/CLUs complete.

 Importing attribute file adwdm/attr151.seq                                               
 General information from the IMPORT file:
 DATE
 WDMSFL
 SYSTEM
 COMMENT
   attributes 151 - 200
 END COMMENT

 Importing DSN/CLU number     8.
 DSN/CLU data import complete - no problems.

 Import of DSN/CLUs complete.

 Importing attribute file adwdm/attr201.seq                                               
 General information from the IMPORT file:
 DATE
 WDMSFL
 SYSTEM
 COMMENT
   attributes 201 - 250
 END COMMENT

 Importing DSN/CLU number     9.
 DSN/CLU data import complete - no problems.

 Import of DSN/CLUs complete.

 Importing attribute file adwdm/attr251.seq                                               
 General information from the IMPORT file:
 DATE
 WDMSFL
 SYSTEM
 COMMENT
   attributes 251 - 300
 END COMMENT

 Importing DSN/CLU number    10.
 DSN/CLU data import complete - no problems.

 Import of DSN/CLUs complete.

 Importing attribute file adwdm/attr301.seq                                               
 General information from the IMPORT file:
 DATE
 WDMSFL
 SYSTEM
 COMMENT
   attributes 301 - 350
 END COMMENT

 Importing DSN/CLU number    11.
 DSN/CLU data import complete - no problems.

 Import of DSN/CLUs complete.

 Importing attribute file adwdm/attr351.seq                                               
 General information from the IMPORT file:
 DATE
 WDMSFL
 SYSTEM
 COMMENT
   attributes 351 - 400
 END COMMENT

 Importing DSN/CLU number    12.
 DSN/CLU data import complete - no problems.

 Import of DSN/CLUs complete.

 Importing attribute file adwdm/attr401.seq                                               
 General information from the IMPORT file:
 DATE
 WDMSFL
 SYSTEM
 COMMENT
   attributes 401 - 426
 END COMMENT

 Importing DSN/CLU number    13.
 DSN/CLU data import complete - no problems.

 Import of DSN/CLUs complete.


 Do you want to Import, Export or Return to operating system (I,E,R)? 

 Enter name of sequential file to import: 

 General information from the IMPORT file:
 DATE
 WDMSFL
 SYSTEM
 COMMENT
   General information and parameter groups for ANNIE-IDE utilities
 END COMMENT

 Importing DSN/CLU number     1.
 DSN/CLU data import complete - no problems.

 Importing DSN/CLU number     2.
 DSN/CLU data import complete - no problems.

 Import of DSN/CLUs complete.


 Do you want to Import, Export or Return to operating system (I,E,R)? 

 Enter name of sequential file to import: 

 General information from the IMPORT file:
 DATE
 WDMSFL
 SYSTEM
 COMMENT
   Message file clusters for find/edit data-set buffer utilities (AWFEB.F77)
 END COMMENT

 Importing DSN/CLU number    24.
 DSN/CLU data import complete - no problems.

 Import of DSN/CLUs complete.


 Do you want to Import, Export or Return to operating system (I,E,R)? 

 Enter name of sequential file to import: 

 General information from the IMPORT file:
 DATE
 WDMSFL
 SYSTEM
 COMMENT
   Sequential file for listing time-series data - goes with code in TSLIST.FOR
 END COMMENT

 Importing DSN/CLU number    40.
 DSN/CLU data import complete - no problems.

 Import of DSN/CLUs complete.


 Do you want to Import, Export or Return to operating system (I,E,R)? 

 Enter name of sequential file to import: 

 General information from the IMPORT file:
 DATE
 WDMSFL
 SYSTEM

 Importing DSN/CLU number    32.
 DSN/CLU data import complete - no problems.

 Import of DSN/CLUs complete.


 Do you want to Import, Export or Return to operating system (I,E,R)? 

 Enter name of sequential file to import: 

 General information from the IMPORT file:
 DATE
 WDMSFL
 SYSTEM

 Importing DSN/CLU number   155.
 DSN/CLU data import complete - no problems.

 Import of DSN/CLUs complete.


 Do you want to Import, Export or Return to operating system (I,E,R)? 

 Enter name of sequential file to import: 

 General information from the IMPORT file:
 DATE
 WDMSFL
 SYSTEM

 Importing DSN/CLU number   153.
 DSN/CLU data import complete - no problems.

 Import of DSN/CLUs complete.


 Do you want to Import, Export or Return to operating system (I,E,R)? 

 Enter name of sequential file to import: 

 General information from the IMPORT file:
 DATE
 WDMSFL
 SYSTEM

 Importing DSN/CLU number   152.
 DSN/CLU data import complete - no problems.

 Import of DSN/CLUs complete.


 Do you want to Import, Export or Return to operating system (I,E,R)? 

 Enter name of sequential file to import: 

 General information from the IMPORT file:
 DATE
 WDMSFL
 SYSTEM
 COMMENT
   clu  grpnam  description
   ___  ______  ______________________________________________________
    42  pgener  contains groups for both the updated version of pgener
                and the original version (now refered to as pgenor).
 END COMMENT

 Importing DSN/CLU number    42.
 DSN/CLU data import complete - no problems.

 Import of DSN/CLUs complete.


 Do you want to Import, Export or Return to operating system (I,E,R)? 

 Enter name of sequential file to import: 

 General information from the IMPORT file:
 DATE
 WDMSFL
 SYSTEM
 COMMENT
   Message file cluster for QTPRNT.F77 (WDM Error Print) code group
 END COMMENT

 Importing DSN/CLU number    50.
 DSN/CLU data import complete - no problems.

 Import of DSN/CLUs complete.


 Do you want to Import, Export or Return to operating system (I,E,R)? 

 Enter name of sequential file to import: 

 General information from the IMPORT file:
 DATE
 WDMSFL
 SYSTEM
 COMMENT
   clu  grpnam  description
   ___  ______  ___________________________________________
     3  uparms  term.dat parameters for computer type UNIX
     4  emife   instruct window and command line text
 END COMMENT

 Importing DSN/CLU number     3.
 DSN/CLU data import complete - no problems.

 Importing DSN/CLU number     4.
 DSN/CLU data import complete - no problems.

 Import of DSN/CLUs complete.


 Do you want to Import, Export or Return to operating system (I,E,R)? 

 Enter name of sequential file to import: 

 General information from the IMPORT file:
 DATE
 WDMSFL
 SYSTEM
 COMMENT
 END COMMENT

 Importing DSN/CLU number   210.
 DSN/CLU data import complete - no problems.

 Import of DSN/CLUs complete.


 Do you want to Import, Export or Return to operating system (I,E,R)? 

 Enter name of sequential file to import: 

 General information from the IMPORT file:
 DATE
 WDMSFL
 SYSTEM
 COMMENT
 END COMMENT

 Importing DSN/CLU number   205.
 DSN/CLU data import complete - no problems.

 Import of DSN/CLUs complete.


 Do you want to Import, Export or Return to operating system (I,E,R)? 

 Enter name of sequential file to import: 

 General information from the IMPORT file:
 DATE
 WDMSFL
 SYSTEM
 COMMENT
 END COMMENT

 Importing DSN/CLU number   235.
 DSN/CLU data import complete - no problems.

 Import of DSN/CLUs complete.


 Do you want to Import, Export or Return to operating system (I,E,R)? 

 Enter name of sequential file to import: 

 General information from the IMPORT file:
 DATE
 WDMSFL
 SYSTEM
 COMMENT
 END COMMENT

 Importing DSN/CLU number   213.
 DSN/CLU data import complete - no problems.

 Import of DSN/CLUs complete.


 Do you want to Import, Export or Return to operating system (I,E,R)? 

 Enter name of sequential file to import: 

 General information from the IMPORT file:
 DATE
 WDMSFL
 SYSTEM
 COMMENT
 END COMMENT

 Importing DSN/CLU number   326.
 DSN/CLU data import complete - no problems.

 Import of DSN/CLUs complete.


 Do you want to Import, Export or Return to operating system (I,E,R)? 

 Enter name of sequential file to import: 

 General information from the IMPORT file:
 DATE
 WDMSFL
 SYSTEM
 COMMENT
 END COMMENT

 Importing DSN/CLU number   218.
 DSN/CLU data import complete - no problems.

 Import of DSN/CLUs complete.


 Do you want to Import, Export or Return to operating system (I,E,R)? 

 Enter name of sequential file to import: 

 General information from the IMPORT file:
 DATE
 WDMSFL
 SYSTEM
 COMMENT
 END COMMENT

 Importing DSN/CLU number   340.
 DSN/CLU data import complete - no problems.

 Import of DSN/CLUs complete.


 Do you want to Import, Export or Return to operating system (I,E,R)? 

 Enter name of sequential file to import: 

 General information from the IMPORT file:
 DATE
 WDMSFL
 SYSTEM
 COMMENT
 END COMMENT

 Importing DSN/CLU number   204.
 DSN/CLU data import complete - no problems.

 Import of DSN/CLUs complete.


 Do you want to Import, Export or Return to operating system (I,E,R)? 

 Enter name of sequential file to import: 

 General information from the IMPORT file:
 DATE
 WDMSFL
 SYSTEM
 COMMENT
 END COMMENT

 Importing DSN/CLU number   212.
 DSN/CLU data import complete - no problems.

 Import of DSN/CLUs complete.


 Do you want to Import, Export or Return to operating system (I,E,R)? 

 Enter name of sequential file to import: 

 General information from the IMPORT file:
 DATE
 WDMSFL
 SYSTEM
 COMMENT
 END COMMENT

 Importing DSN/CLU number   207.
 DSN/CLU data import complete - no problems.

 Import of DSN/CLUs complete.


 Do you want to Import, Export or Return to operating system (I,E,R)? 

 Enter name of sequential file to import: 

 General information from the IMPORT file:
 DATE
 WDMSFL
 SYSTEM
 COMMENT
 END COMMENT

 Importing DSN/CLU number   211.
 DSN/CLU data import complete - no problems.

 Import of DSN/CLUs complete.


 Do you want to Import, Export or Return to operating system (I,E,R)? 

 Enter name of sequential file to import: 

 General information from the IMPORT file:
 DATE
 WDMSFL
 SYSTEM
 COMMENT
 END COMMENT

 Importing DSN/CLU number   201.
 DSN/CLU data import complete - no problems.

 Import of DSN/CLUs complete.


 Do you want to Import, Export or Return to operating system (I,E,R)? 

 Enter name of sequential file to import: 

 General information from the IMPORT file:
 DATE
 WDMSFL
 SYSTEM
 COMMENT
 END COMMENT

 Importing DSN/CLU number   202.
 DSN/CLU data import complete - no problems.

 Import of DSN/CLUs complete.


 Do you want to Import, Export or Return to operating system (I,E,R)? 

 Enter name of sequential file to import: 

 General information from the IMPORT file:
 DATE
 WDMSFL
 SYSTEM
 COMMENT
 END COMMENT

 Importing DSN/CLU number   302.
 DSN/CLU data import complete - no problems.

 Import of DSN/CLUs complete.


 Do you want to Import, Export or Return to operating system (I,E,R)? 

 Enter name of sequential file to import: 

 General information from the IMPORT file:
 DATE
 WDMSFL
 SYSTEM
 COMMENT
 END COMMENT

 Importing DSN/CLU number   311.
 DSN/CLU data import complete - no problems.

 Import of DSN/CLUs complete.


 Do you want to Import, Export or Return to operating system (I,E,R)? 

 Enter name of sequential file to import: 

 General information from the IMPORT file:
 DATE
 WDMSFL
 SYSTEM
 COMMENT
 END COMMENT

 Importing DSN/CLU number   310.
 DSN/CLU data import complete - no problems.

 Import of DSN/CLUs complete.


 Do you want to Import, Export or Return to operating system (I,E,R)? 

 Enter name of sequential file to import: 

 General information from the IMPORT file:
 DATE
 WDMSFL
 SYSTEM
 COMMENT
 END COMMENT

 Importing DSN/CLU number   309.
 DSN/CLU data import complete - no problems.

 Import of DSN/CLUs complete.


 Do you want to Import, Export or Return to operating system (I,E,R)? 

 Enter name of sequential file to import: 

 General information from the IMPORT file:
 DATE
 WDMSFL
 SYSTEM
 COMMENT
 END COMMENT

 Importing DSN/CLU number   348.
 DSN/CLU data import complete - no problems.

 Import of DSN/CLUs complete.


 Do you want to Import, Export or Return to operating system (I,E,R)? 

 Enter name of sequential file to import: 

 General information from the IMPORT file:
 DATE
 WDMSFL
 SYSTEM
 COMMENT
 END COMMENT

 Importing DSN/CLU number   303.
 DSN/CLU data import complete - no problems.

 Import of DSN/CLUs complete.


 Do you want to Import, Export or Return to operating system (I,E,R)? 

 Enter name of sequential file to import: 

 General information from the IMPORT file:
 DATE
 WDMSFL
 SYSTEM
 COMMENT
 END COMMENT

 Importing DSN/CLU number   351.
 DSN/CLU data import complete - no problems.

 Import of DSN/CLUs complete.


 Do you want to Import, Export or Return to operating system (I,E,R)? 

 Enter name of sequential file to import: 

 General information from the IMPORT file:
 DATE
 WDMSFL
 SYSTEM
 COMMENT
 END COMMENT

 Importing DSN/CLU number   346.
 DSN/CLU data import complete - no problems.

 Import of DSN/CLUs complete.


 Do you want to Import, Export or Return to operating system (I,E,R)? 

 Enter name of sequential file to import: 

 General information from the IMPORT file:
 DATE
 WDMSFL
 SYSTEM
 COMMENT
 END COMMENT

 Importing DSN/CLU number   341.
 DSN/CLU data import complete - no problems.

 Import of DSN/CLUs complete.


 Do you want to Import, Export or Return to operating system (I,E,R)? 

 Enter name of sequential file to import: 

 General information from the IMPORT file:
 DATE
 WDMSFL
 SYSTEM
 COMMENT
 END COMMENT

 Importing DSN/CLU number   350.
 DSN/CLU data import complete - no problems.

 Import of DSN/CLUs complete.


 Do you want to Import, Export or Return to operating system (I,E,R)? 

 Enter name of sequential file to import: 

 General information from the IMPORT file:
 DATE
 WDMSFL
 SYSTEM
 COMMENT
 END COMMENT

 Importing DSN/CLU number   345.
 DSN/CLU data import complete - no problems.

 Import of DSN/CLUs complete.


 Do you want to Import, Export or Return to operating system (I,E,R)? 

 Enter name of sequential file to import: 

 General information from the IMPORT file:
 DATE
 WDMSFL
 SYSTEM
 COMMENT
 END COMMENT

 Importing DSN/CLU number   344.
 DSN/CLU data import complete - no problems.

 Import of DSN/CLUs complete.


 Do you want to Import, Export or Return to operating system (I,E,R)? 

 Enter name of sequential file to import: 

 General information from the IMPORT file:
 DATE
 WDMSFL
 SYSTEM
 COMMENT
 END COMMENT

 Importing DSN/CLU number   349.
 DSN/CLU data import complete - no problems.

 Import of DSN/CLUs complete.


 Do you want to Import, Export or Return to operating system (I,E,R)? 

 Enter name of sequential file to import: 

 General information from the IMPORT file:
 DATE
 WDMSFL
 SYSTEM
 COMMENT
 END COMMENT

 Importing DSN/CLU number   206.
 DSN/CLU data import complete - no problems.

 Import of DSN/CLUs complete.


 Do you want to Import, Export or Return to operating system (I,E,R)? 

 Enter name of sequential file to import: 

 General information from the IMPORT file:
 DATE
 WDMSFL
 SYSTEM
 COMMENT
 END COMMENT

 Importing DSN/CLU number   209.
 DSN/CLU data import complete - no problems.

 Import of DSN/CLUs complete.


 Do you want to Import, Export or Return to operating system (I,E,R)? 

 Enter name of sequential file to import: 

 General information from the IMPORT file:
 DATE
 WDMSFL
 SYSTEM
 COMMENT
 END COMMENT

 Importing DSN/CLU number   299.
 DSN/CLU data import complete - no problems.

 Import of DSN/CLUs complete.


 Do you want to Import, Export or Return to operating system (I,E,R)? 

 Enter name of sequential file to import: 

 General information from the IMPORT file:
 DATE
 WDMSFL
 SYSTEM
 COMMENT
 END COMMENT

 Importing DSN/CLU number   370.
 DSN/CLU data import complete - no problems.

 Import of DSN/CLUs complete.


 Do you want to Import, Export or Return to operating system (I,E,R)? 

 Enter name of sequential file to import: 

 General information from the IMPORT file:
 DATE
 WDMSFL
 SYSTEM
 COMMENT
 END COMMENT

 Importing DSN/CLU number   371.
 DSN/CLU data import complete - no problems.

 Import of DSN/CLUs complete.


 Do you want to Import, Export or Return to operating system (I,E,R)? 

 Enter name of sequential file to import: 

 General information from the IMPORT file:
 DATE
 WDMSFL
 SYSTEM
 COMMENT
 END COMMENT

 Importing DSN/CLU number   238.
 DSN/CLU data import complete - no problems.

 Import of DSN/CLUs complete.


 Do you want to Import, Export or Return to operating system (I,E,R)? 

 Enter name of sequential file to import: 

 General information from the IMPORT file:
 DATE
 WDMSFL
 SYSTEM
 COMMENT
 END COMMENT

 Importing DSN/CLU number   214.
 DSN/CLU data import complete - no problems.

 Import of DSN/CLUs complete.


 Do you want to Import, Export or Return to operating system (I,E,R)? 

 Enter name of sequential file to import: 

 General information from the IMPORT file:
 DATE
 WDMSFL
 SYSTEM
 COMMENT
 END COMMENT

 Importing DSN/CLU number   217.
 DSN/CLU data import complete - no problems.

 Import of DSN/CLUs complete.


 Do you want to Import, Export or Return to operating system (I,E,R)? 

 Enter name of sequential file to import: 

 General information from the IMPORT file:
 DATE
 WDMSFL
 SYSTEM
 COMMENT
 END COMMENT

 Importing DSN/CLU number   219.
 DSN/CLU data import complete - no problems.

 Import of DSN/CLUs complete.


 Do you want to Import, Export or Return to operating system (I,E,R)? 

 Enter name of sequential file to import: 

 General information from the IMPORT file:
 DATE
 WDMSFL
 SYSTEM
 COMMENT
 END COMMENT

 Importing DSN/CLU number   234.
 DSN/CLU data import complete - no problems.

 Import of DSN/CLUs complete.


 Do you want to Import, Export or Return to operating system (I,E,R)? 

 Enter name of sequential file to import: 

 General information from the IMPORT file:
 DATE
 WDMSFL
 SYSTEM
 COMMENT
 END COMMENT

 Importing DSN/CLU number   320.
 DSN/CLU data import complete - no problems.

 Import of DSN/CLUs complete.


 Do you want to Import, Export or Return to operating system (I,E,R)? 

 Enter name of sequential file to import: 

 General information from the IMPORT file:
 DATE
 WDMSFL
 SYSTEM
 COMMENT
 END COMMENT

 Importing DSN/CLU number   323.
 DSN/CLU data import complete - no problems.

 Import of DSN/CLUs complete.


 Do you want to Import, Export or Return to operating system (I,E,R)? 

 Enter name of sequential file to import: 

 General information from the IMPORT file:
 DATE
 WDMSFL
 SYSTEM
 COMMENT
 END COMMENT

 Importing DSN/CLU number   308.
 DSN/CLU data import complete - no problems.

 Import of DSN/CLUs complete.


 Do you want to Import, Export or Return to operating system (I,E,R)? 

 Enter name of sequential file to import: 

 General information from the IMPORT file:
 DATE
 WDMSFL
 SYSTEM
 COMMENT
 END COMMENT

 Importing DSN/CLU number   232.
 DSN/CLU data import complete - no problems.

 Import of DSN/CLUs complete.


 Do you want to Import, Export or Return to operating system (I,E,R)? 

 Enter name of sequential file to import: 

 General information from the IMPORT file:
 DATE
 WDMSFL
 SYSTEM
 COMMENT
 END COMMENT

 Importing DSN/CLU number   307.
 DSN/CLU data import complete - no problems.

 Import of DSN/CLUs complete.


 Do you want to Import, Export or Return to operating system (I,E,R)? 

 Enter name of sequential file to import: 

 General information from the IMPORT file:
 DATE
 WDMSFL
 SYSTEM
 COMMENT
 END COMMENT

 Importing DSN/CLU number   300.
 DSN/CLU data import complete - no problems.

 Import of DSN/CLUs complete.


 Do you want to Import, Export or Return to operating system (I,E,R)? 

 Enter name of sequential file to import: 

 General information from the IMPORT file:
 DATE
 WDMSFL
 SYSTEM
 COMMENT
 END COMMENT

 Importing DSN/CLU number   231.
 DSN/CLU data import complete - no problems.

 Import of DSN/CLUs complete.


 Do you want to Import, Export or Return to operating system (I,E,R)? 

 Enter name of sequential file to import: 

 General information from the IMPORT file:
 DATE
 WDMSFL
 SYSTEM
 COMMENT
 END COMMENT

 Importing DSN/CLU number   233.
 DSN/CLU data import complete - no problems.

 Import of DSN/CLUs complete.


 Do you want to Import, Export or Return to operating system (I,E,R)? 

 Enter name of sequential file to import: 

 General information from the IMPORT file:
 DATE
 WDMSFL
 SYSTEM
 COMMENT
 END COMMENT

 Importing DSN/CLU number   236.
 DSN/CLU data import complete - no problems.

 Import of DSN/CLUs complete.


 Do you want to Import, Export or Return to operating system (I,E,R)? 

 Enter name of sequential file to import: 

 General information from the IMPORT file:
 DATE
 WDMSFL
 SYSTEM
 COMMENT
 END COMMENT

 Importing DSN/CLU number   372.
 DSN/CLU data import complete - no problems.

 Import of DSN/CLUs complete.


 Do you want to Import, Export or Return to operating system (I,E,R)? 

 Enter name of sequential file to import: 

 General information from the IMPORT file:
 DATE
 WDMSFL
 SYSTEM
 COMMENT
 END COMMENT

 Importing DSN/CLU number   237.
 DSN/CLU data import complete - no problems.

 Import of DSN/CLUs complete.


 Do you want to Import, Export or Return to operating system (I,E,R)? 

 Enter name of sequential file to import: 

 General information from the IMPORT file:
 DATE
 WDMSFL
 SYSTEM
 COMMENT
 END COMMENT

 Importing DSN/CLU number   239.
 DSN/CLU data import complete - no problems.

 Import of DSN/CLUs complete.


 Do you want to Import, Export or Return to operating system (I,E,R)? 

 Enter name of sequential file to import: 

 General information from the IMPORT file:
 DATE
 WDMSFL
 SYSTEM
 COMMENT
 END COMMENT

 Importing DSN/CLU number   240.
 DSN/CLU data import complete - no problems.

 Import of DSN/CLUs complete.


 Do you want to Import, Export or Return to operating system (I,E,R)? 

 Enter name of sequential file to import: 

 General information from the IMPORT file:
 DATE
 WDMSFL
 SYSTEM
 COMMENT
 END COMMENT

 Importing DSN/CLU number   215.
 DSN/CLU data import complete - no problems.

 Import of DSN/CLUs complete.


 Do you want to Import, Export or Return to operating system (I,E,R)? 

 Enter name of sequential file to import: 

 General information from the IMPORT file:
 DATE
 WDMSFL
 SYSTEM
 COMMENT
 END COMMENT

 Importing DSN/CLU number   216.
 DSN/CLU data import complete - no problems.

 Import of DSN/CLUs complete.


 Do you want to Import, Export or Return to operating system (I,E,R)? 

 Enter name of sequential file to import: 

 General information from the IMPORT file:
 DATE
 WDMSFL
 SYSTEM
 COMMENT
 END COMMENT

 Importing DSN/CLU number   208.
 DSN/CLU data import complete - no problems.

 Import of DSN/CLUs complete.


 Do you want to Import, Export or Return to operating system (I,E,R)? 

 Enter name of sequential file to import: 

 General information from the IMPORT file:
 DATE
 WDMSFL
 SYSTEM
 COMMENT
 END COMMENT

 Importing DSN/CLU number   203.
 DSN/CLU data import complete - no problems.

 Import of DSN/CLUs complete.


 Do you want to Import, Export or Return to operating system (I,E,R)? 

 Enter name of sequential file to import: 

 General information from the IMPORT file:
 DATE
 WDMSFL
 SYSTEM
 COMMENT
 END COMMENT

 Importing DSN/CLU number   141.
 DSN/CLU data import complete - no problems.

 Import of DSN/CLUs complete.


 Do you want to Import, Export or Return to operating system (I,E,R)? 

 Enter name of sequential file to import: 

 General information from the IMPORT file:
 DATE
 WDMSFL
 SYSTEM
 COMMENT
 END COMMENT

 Importing DSN/CLU number   142.
 DSN/CLU data import complete - no problems.

 Import of DSN/CLUs complete.


 Do you want to Import, Export or Return to operating system (I,E,R)? 

 Enter name of sequential file to import: 

 General information from the IMPORT file:
 DATE
 WDMSFL
 SYSTEM
 COMMENT
 END COMMENT

 Importing DSN/CLU number   143.
 DSN/CLU data import complete - no problems.

 Import of DSN/CLUs complete.


 Do you want to Import, Export or Return to operating system (I,E,R)? 

 Enter name of sequential file to import: 

 General information from the IMPORT file:
 DATE
 WDMSFL
 SYSTEM
 COMMENT
 END COMMENT

 Importing DSN/CLU number   144.
 DSN/CLU data import complete - no problems.

 Import of DSN/CLUs complete.


 Do you want to Import, Export or Return to operating system (I,E,R)? 

 Enter name of sequential file to import: 

 General information from the IMPORT file:
 DATE
 WDMSFL
 SYSTEM
 COMMENT
 END COMMENT

 Importing DSN/CLU number   145.
 DSN/CLU data import complete - no problems.

 Import of DSN/CLUs complete.


 Do you want to Import, Export or Return to operating system (I,E,R)? 

 Enter name of sequential file to import: 

 General information from the IMPORT file:
 DATE
 WDMSFL
 SYSTEM
 COMMENT
 END COMMENT

 Importing DSN/CLU number   146.
 DSN/CLU data import complete - no problems.

 Import of DSN/CLUs complete.


 Do you want to Import, Export or Return to operating system (I,E,R)? 

 Enter name of sequential file to import: 

 General information from the IMPORT file:
 DATE
 WDMSFL
 SYSTEM
 COMMENT
 END COMMENT

 Importing DSN/CLU number   147.
 DSN/CLU data import complete - no problems.

 Import of DSN/CLUs complete.


 Do you want to Import, Export or Return to operating system (I,E,R)? 

 Enter name of sequential file to import: 

 General information from the IMPORT file:
 DATE
 WDMSFL
 SYSTEM
 COMMENT
 END COMMENT

 Importing DSN/CLU number   148.
 DSN/CLU data import complete - no problems.

 Import of DSN/CLUs complete.


 Do you want to Import, Export or Return to operating system (I,E,R)? 

 Enter name of sequential file to import: 

 General information from the IMPORT file:
 DATE
 WDMSFL
 SYSTEM
 COMMENT
 END COMMENT

 Importing DSN/CLU number   149.
 DSN/CLU data import complete - no problems.

 Import of DSN/CLUs complete.


 Do you want to Import, Export or Return to operating system (I,E,R)? 

 Enter name of sequential file to import: 

 General information from the IMPORT file:
 DATE
 WDMSFL
 SYSTEM
 COMMENT
 END COMMENT

 Importing DSN/CLU number   121.
 DSN/CLU data import complete - no problems.

 Import of DSN/CLUs complete.


 Do you want to Import, Export or Return to operating system (I,E,R)? 

 Enter name of sequential file to import: 

 General information from the IMPORT file:
 DATE
 WDMSFL
 SYSTEM
 COMMENT
 END COMMENT

 Importing DSN/CLU number   122.
 DSN/CLU data import complete - no problems.

 Import of DSN/CLUs complete.


 Do you want to Import, Export or Return to operating system (I,E,R)? 

 Enter name of sequential file to import: 

 General information from the IMPORT file:
 DATE
 WDMSFL
 SYSTEM
 COMMENT
 END COMMENT

 Importing DSN/CLU number   123.
 DSN/CLU data import complete - no problems.

 Import of DSN/CLUs complete.


 Do you want to Import, Export or Return to operating system (I,E,R)? 

 Enter name of sequential file to import: 

 General information from the IMPORT file:
 DATE
 WDMSFL
 SYSTEM
 COMMENT
 END COMMENT

 Importing DSN/CLU number   124.
 DSN/CLU data import complete - no problems.

 Import of DSN/CLUs complete.


 Do you want to Import, Export or Return to operating system (I,E,R)? 

 Enter name of sequential file to import: 

 General information from the IMPORT file:
 DATE
 WDMSFL
 SYSTEM
 COMMENT
 END COMMENT

 Importing DSN/CLU number   125.
 DSN/CLU data import complete - no problems.

 Import of DSN/CLUs complete.


 Do you want to Import, Export or Return to operating system (I,E,R)? 

 Enter name of sequential file to import: 

 General information from the IMPORT file:
 DATE
 WDMSFL
 SYSTEM
 COMMENT
 END COMMENT

 Importing DSN/CLU number   126.
 DSN/CLU data import complete - no problems.

 Import of DSN/CLUs complete.


 Do you want to Import, Export or Return to operating system (I,E,R)? 

 Enter name of sequential file to import: 

 General information from the IMPORT file:
 DATE
 WDMSFL
 SYSTEM
 COMMENT
 END COMMENT

 Importing DSN/CLU number   128.
 DSN/CLU data import complete - no problems.

 Import of DSN/CLUs complete.


 Do you want to Import, Export or Return to operating system (I,E,R)? 

 Enter name of sequential file to import: 

 General information from the IMPORT file:
 DATE
 WDMSFL
 SYSTEM
 COMMENT
 END COMMENT

 Importing DSN/CLU number   127.
 DSN/CLU data import complete - no problems.

 Import of DSN/CLUs complete.


 Do you want to Import, Export or Return to operating system (I,E,R)? 

 Enter name of sequential file to import: 

 General information from the IMPORT file:
 DATE
 WDMSFL
 SYSTEM
 COMMENT
 END COMMENT

 Importing DSN/CLU number   129.
 DSN/CLU data import complete - no problems.

 Import of DSN/CLUs complete.


 Do you want to Import, Export or Return to operating system (I,E,R)? 

 Enter name of sequential file to import: 

 General information from the IMPORT file:
 DATE
 WDMSFL
 SYSTEM
 COMMENT
   Sequential file for tabling time-series data - goes with code in SGTABL.FOR
 END COMMENT

 Importing DSN/CLU number    41.
 DSN/CLU data import complete - no problems.

 Import of DSN/CLUs complete.


 Do you want to Import, Export or Return to operating system (I,E,R)? 

 Enter name of sequential file to import: 

 General information from the IMPORT file:
 DATE
 WDMSFL
 SYSTEM
 COMMENT
 END COMMENT

 Importing DSN/CLU number    52.
 DSN/CLU data import complete - no problems.

 Import of DSN/CLUs complete.


 Do you want to Import, Export or Return to operating system (I,E,R)? 

 Enter name of sequential file to import: 

 General information from the IMPORT file:
 DATE
 WDMSFL
 SYSTEM
 COMMENT
 END COMMENT

 Importing DSN/CLU number    51.
 DSN/CLU data import complete - no problems.

 Import of DSN/CLUs complete.


 Do you want to Import, Export or Return to operating system (I,E,R)? 

 Enter name of sequential file to import: 

 General information from the IMPORT file:
 DATE
 WDMSFL
 SYSTEM
 COMMENT
 END COMMENT

 Importing DSN/CLU number    53.
 DSN/CLU data import complete - no problems.

 Import of DSN/CLUs complete.


 Do you want to Import, Export or Return to operating system (I,E,R)? 

 Enter name of sequential file to import: 

 General information from the IMPORT file:
 DATE
 WDMSFL
 SYSTEM
 COMMENT
 END COMMENT

 Importing DSN/CLU number    55.
 DSN/CLU data import complete - no problems.

 Import of DSN/CLUs complete.


 Do you want to Import, Export or Return to operating system (I,E,R)? 

 Enter name of sequential file to import: 

 General information from the IMPORT file:
 DATE
 WDMSFL
 SYSTEM
 COMMENT
 END COMMENT

 Importing DSN/CLU number    56.
 DSN/CLU data import complete - no problems.

 Import of DSN/CLUs complete.


 Do you want to Import, Export or Return to operating system (I,E,R)? 

 Enter name of sequential file to import: 

 General information from the IMPORT file:
 DATE
 WDMSFL
 SYSTEM
 COMMENT
 END COMMENT

 Importing DSN/CLU number    54.
 DSN/CLU data import complete - no problems.

 Import of DSN/CLUs complete.


 Do you want to Import, Export or Return to operating system (I,E,R)? 

 Enter name of sequential file to import: 

 General information from the IMPORT file:
 DATE
 WDMSFL
 SYSTEM
 COMMENT
 END COMMENT

 Importing DSN/CLU number    63.
 DSN/CLU data import complete - no problems.

 Import of DSN/CLUs complete.


 Do you want to Import, Export or Return to operating system (I,E,R)? 

 Enter name of sequential file to import: 

 General information from the IMPORT file:
 DATE
 WDMSFL
 SYSTEM
 COMMENT
 END COMMENT

 Importing DSN/CLU number    64.
 DSN/CLU data import complete - no problems.

 Import of DSN/CLUs complete.


 Do you want to Import, Export or Return to operating system (I,E,R)? 

 Enter name of sequential file to import: 

 General information from the IMPORT file:
 DATE
 WDMSFL
 SYSTEM
 COMMENT
 END COMMENT

 Importing DSN/CLU number    71.
 DSN/CLU data import complete - no problems.

 Import of DSN/CLUs complete.


 Do you want to Import, Export or Return to operating system (I,E,R)? 

 Enter name of sequential file to import: 

 General information from the IMPORT file:
 DATE
 WDMSFL
 SYSTEM

 Importing DSN/CLU number   159.
 DSN/CLU data import complete - no problems.

 Import of DSN/CLUs complete.


 Do you want to Import, Export or Return to operating system (I,E,R)? 

 Enter name of sequential file to import: 

 General information from the IMPORT file:
 DATE
 WDMSFL
 SYSTEM

 Importing DSN/CLU number    72.
 DSN/CLU data import complete - no problems.

 Import of DSN/CLUs complete.


 Do you want to Import, Export or Return to operating system (I,E,R)? 

 Enter name of sequential file to import: 

 General information from the IMPORT file:
 DATE
 WDMSFL
 SYSTEM
 COMMENT
 END COMMENT

 Importing DSN/CLU number    62.
 DSN/CLU data import complete - no problems.

 Import of DSN/CLUs complete.


 Do you want to Import, Export or Return to operating system (I,E,R)? 

