
 parm__.seq version: parmux.seq
 building wdm files: message


 building the generic message file message.wdm

 Enter name of WDM file: 
 Could not open file.  Create it, Retry, or Quit (C,R,Q)?

 Successful creation of WDM file message.wdm                                                     

 Do you want to put attributes on this WDM file? (Y,N)
 Enter path name for the directory containing the attribute sequential files:


 Importing attribute file adwdm/attr001.seq                                               
 General information from the IMPORT file:
 DATE
 WDMSFL
 SYSTEM
 COMMENT
   test export
 END COMMENT

 Importing DSN/CLU number     5.
 *** Problems with import, return code: -151
     review file "error.fil" for details

 Import of DSN/CLUs complete.

 Importing attribute file adwdm/attr051.seq                                               
 General information from the IMPORT file:
 DATE
 WDMSFL
 SYSTEM
 COMMENT
   attributes 51 - 100
 END COMMENT

 Importing DSN/CLU number     6.
 DSN/CLU data import complete - no problems.

 Import of DSN/CLUs complete.

 Importing attribute file adwdm/attr101.seq                                               
 General information from the IMPORT file:
 DATE
 WDMSFL
 SYSTEM
 COMMENT
   attributes 101 - 150
 END COMMENT

 Importing DSN/CLU number     7.
 DSN/CLU data import complete - no problems.

 Import of DSN/CLUs complete.

 Importing attribute file adwdm/attr151.seq                                               
 General information from the IMPORT file:
 DATE
 WDMSFL
 SYSTEM
 COMMENT
   attributes 151 - 200
 END COMMENT

 Importing DSN/CLU number     8.
 DSN/CLU data import complete - no problems.

 Import of DSN/CLUs complete.

 Importing attribute file adwdm/attr201.seq                                               
 General information from the IMPORT file:
 DATE
 WDMSFL
 SYSTEM
 COMMENT
   attributes 201 - 250
 END COMMENT

 Importing DSN/CLU number     9.
 DSN/CLU data import complete - no problems.

 Import of DSN/CLUs complete.

 Importing attribute file adwdm/attr251.seq                                               
 General information from the IMPORT file:
 DATE
 WDMSFL
 SYSTEM
 COMMENT
   attributes 251 - 300
 END COMMENT

 Importing DSN/CLU number    10.
 DSN/CLU data import complete - no problems.

 Import of DSN/CLUs complete.

 Importing attribute file adwdm/attr301.seq                                               
 General information from the IMPORT file:
 DATE
 WDMSFL
 SYSTEM
 COMMENT
   attributes 301 - 350
 END COMMENT

 Importing DSN/CLU number    11.
 DSN/CLU data import complete - no problems.

 Import of DSN/CLUs complete.

 Importing attribute file adwdm/attr351.seq                                               
 General information from the IMPORT file:
 DATE
 WDMSFL
 SYSTEM
 COMMENT
   attributes 351 - 400
 END COMMENT

 Importing DSN/CLU number    12.
 DSN/CLU data import complete - no problems.

 Import of DSN/CLUs complete.

 Importing attribute file adwdm/attr401.seq                                               
 General information from the IMPORT file:
 DATE
 WDMSFL
 SYSTEM
 COMMENT
   attributes 401 - 426
 END COMMENT

 Importing DSN/CLU number    13.
 DSN/CLU data import complete - no problems.

 Import of DSN/CLUs complete.


 Do you want to Import, Export or Return to operating system (I,E,R)? 

 Enter name of sequential file to import: 

 General information from the IMPORT file:
 DATE
 WDMSFL
 SYSTEM
 COMMENT
   General information and parameter groups for ANNIE-IDE utilities
 END COMMENT

 Importing DSN/CLU number     1.
 DSN/CLU data import complete - no problems.

 Importing DSN/CLU number     2.
 DSN/CLU data import complete - no problems.

 Import of DSN/CLUs complete.


 Do you want to Import, Export or Return to operating system (I,E,R)? 

 Enter name of sequential file to import: 

 General information from the IMPORT file:
 DATE
 WDMSFL
 SYSTEM
 COMMENT
   Message file clusters for find/edit data-set buffer utilities (AWFEB.F77)
 END COMMENT

 Importing DSN/CLU number    24.
 DSN/CLU data import complete - no problems.

 Import of DSN/CLUs complete.


 Do you want to Import, Export or Return to operating system (I,E,R)? 

 Enter name of sequential file to import: 

 General information from the IMPORT file:
 DATE
 WDMSFL
 SYSTEM
 COMMENT
   Message file clusters used by code group PRWFIL.F77
 END COMMENT

 Importing DSN/CLU number    25.
 DSN/CLU data import complete - no problems.

 Import of DSN/CLUs complete.


 Do you want to Import, Export or Return to operating system (I,E,R)? 

 Enter name of sequential file to import: 

 General information from the IMPORT file:

 Importing DSN/CLU number    29.
 DSN/CLU data import complete - no problems.

 Import of DSN/CLUs complete.


 Do you want to Import, Export or Return to operating system (I,E,R)? 

 Enter name of sequential file to import: 

 General information from the IMPORT file:
 DATE
 WDMSFL
 SYSTEM
 COMMENT
   clu  grpnam  description
   ___  ______  ___________________________________________
     3  uparms  term.dat parameters for computer type UNIX
     4  emife   instruct window and command line text
 END COMMENT

 Importing DSN/CLU number     3.
 DSN/CLU data import complete - no problems.

 Importing DSN/CLU number     4.
 DSN/CLU data import complete - no problems.

 Import of DSN/CLUs complete.


 Do you want to Import, Export or Return to operating system (I,E,R)? 

